Log file open, 09/26/21 11:47:22
LogWindows: Failed to load 'aqProf.dll' (GetLastError=126)
LogWindows: File 'aqProf.dll' does not exist
LogWindows: Failed to load 'VtuneApi.dll' (GetLastError=126)
LogWindows: File 'VtuneApi.dll' does not exist
LogWindows: Failed to load 'VtuneApi32e.dll' (GetLastError=126)
LogWindows: File 'VtuneApi32e.dll' does not exist
LogConsoleResponse: Display: Failed to find resolution value strings in scalability ini. Falling back to default.
LogConsoleResponse: Display: Failed to find resolution value strings in scalability ini. Falling back to default.
LogInit: Display: Running engine for game: InfiniteMatrix
LogPlatformFile: Not using cached read wrapper
LogTaskGraph: Started task graph with 5 named threads and 35 total threads with 3 sets of task threads.
LogStats: Stats thread started at 0.197801
LogICUInternationalization: ICU TimeZone Detection - Raw Offset: -6:00, Platform Override: ''
LogInit: Display: Loading text-based GConfig....
LogPluginManager: Mounting plugin MeshPainting
LogPluginManager: Mounting plugin XGEController
LogPluginManager: Mounting plugin Paper2D
LogPluginManager: Mounting plugin AISupport
LogPluginManager: Mounting plugin EnvironmentQueryEditor
LogPluginManager: Mounting plugin GameplayCameras
LogPluginManager: Mounting plugin LightPropagationVolume
LogPluginManager: Mounting plugin LiveLink
LogPluginManager: Mounting plugin CameraShakePreviewer
LogPluginManager: Mounting plugin OodleData
LogPluginManager: Mounting plugin OodleNetwork
LogPluginManager: Mounting plugin CLionSourceCodeAccess
LogPluginManager: Mounting plugin CodeLiteSourceCodeAccess
LogPluginManager: Mounting plugin KDevelopSourceCodeAccess
LogPluginManager: Mounting plugin NullSourceCodeAccess
LogPluginManager: Mounting plugin PerforceSourceControl
LogPluginManager: Mounting plugin GitSourceControl
LogPluginManager: Mounting plugin PixWinPlugin
LogPluginManager: Mounting plugin PluginUtils
LogPluginManager: Mounting plugin PlasticSourceControl
LogPluginManager: Mounting plugin PropertyAccessNode
LogPluginManager: Mounting plugin RiderSourceCodeAccess
LogPluginManager: Mounting plugin SubversionSourceControl
LogPluginManager: Mounting plugin TextureFormatOodle
LogPluginManager: Mounting plugin UObjectPlugin
LogPluginManager: Mounting plugin DatasmithContent
LogPluginManager: Mounting plugin AnimationSharing
LogPluginManager: Mounting plugin VariantManagerContent
LogPluginManager: Mounting plugin AlembicImporter
LogPluginManager: Mounting plugin AutomationUtils
LogPluginManager: Mounting plugin BackChannel
LogPluginManager: Mounting plugin ChaosCloth
LogPluginManager: Mounting plugin ChaosEditor
LogPluginManager: Mounting plugin ChaosClothEditor
LogPluginManager: Mounting plugin ChaosSolverPlugin
LogPluginManager: Mounting plugin ChaosNiagara
LogPluginManager: Mounting plugin CharacterAI
LogPluginManager: Mounting plugin GeometryCache
LogPluginManager: Mounting plugin AssetManagerEditor
LogPluginManager: Mounting plugin Niagara
LogPluginManager: Mounting plugin GeometryCollectionPlugin
LogPluginManager: Mounting plugin CryptoKeys
LogPluginManager: Mounting plugin CurveEditorTools
LogPluginManager: Mounting plugin DataValidation
LogPluginManager: Mounting plugin FacialAnimation
LogPluginManager: Mounting plugin GameplayTagsEditor
LogPluginManager: Mounting plugin GeometryProcessing
LogPluginManager: Mounting plugin MacGraphicsSwitching
LogPluginManager: Mounting plugin GeometryMode
LogPluginManager: Mounting plugin MaterialAnalyzer
LogPluginManager: Mounting plugin XCodeSourceCodeAccess
LogPluginManager: Mounting plugin VisualStudioSourceCodeAccess
LogPluginManager: Mounting plugin MobileLauncherProfileWizard
LogPluginManager: Mounting plugin VisualStudioCodeSourceCodeAccess
LogPluginManager: Mounting plugin PluginBrowser
LogPluginManager: Mounting plugin SpeedTreeImporter
LogPluginManager: Mounting plugin MotoSynth
LogPluginManager: Mounting plugin OpenImageDenoise
LogPluginManager: Mounting plugin PlatformCrypto
LogPluginManager: Mounting plugin PlanarCut
LogPluginManager: Mounting plugin ProxyLODPlugin
LogPluginManager: Mounting plugin PythonScriptPlugin
LogPluginManager: Mounting plugin SkeletalReduction
LogPluginManager: Mounting plugin LuminPlatformFeatures
LogPluginManager: Mounting plugin MagicLeap
LogPluginManager: Mounting plugin MagicLeapLightEstimation
LogPluginManager: Mounting plugin MagicLeapMedia
LogPluginManager: Mounting plugin MagicLeapPassableWorld
LogPluginManager: Mounting plugin MLSDK
LogPluginManager: Mounting plugin TcpMessaging
LogPluginManager: Mounting plugin UdpMessaging
LogPluginManager: Mounting plugin OnlineSubsystem
LogPluginManager: Mounting plugin LauncherChunkInstaller
LogPluginManager: Mounting plugin OnlineSubsystemNull
LogPluginManager: Mounting plugin OnlineSubsystemUtils
LogPluginManager: Mounting plugin ActorSequence
LogPluginManager: Mounting plugin LevelSequenceEditor
LogPluginManager: Mounting plugin MatineeToLevelSequence
LogPluginManager: Mounting plugin ActorLayerUtilities
LogPluginManager: Mounting plugin AndroidMoviePlayer
LogPluginManager: Mounting plugin AndroidDeviceProfileSelector
LogPluginManager: Mounting plugin AndroidPermission
LogPluginManager: Mounting plugin AppleImageUtils
LogPluginManager: Mounting plugin AppleMoviePlayer
LogPluginManager: Mounting plugin ArchVisCharacter
LogPluginManager: Mounting plugin AssetTags
LogPluginManager: Mounting plugin AudioCapture
LogPluginManager: Mounting plugin AudioSynesthesia
LogPluginManager: Mounting plugin TemplateSequence
LogPluginManager: Mounting plugin CableComponent
LogPluginManager: Mounting plugin ChunkDownloader
LogPluginManager: Mounting plugin CustomMeshComponent
LogPluginManager: Mounting plugin EditableMesh
LogPluginManager: Mounting plugin ExampleDeviceProfileSelector
LogPluginManager: Mounting plugin AndroidMedia
LogPluginManager: Mounting plugin GooglePAD
LogPluginManager: Mounting plugin AvfMedia
LogPluginManager: Mounting plugin GoogleCloudMessaging
LogPluginManager: Mounting plugin ImgMedia
LogPluginManager: Mounting plugin MediaCompositing
LogPluginManager: Mounting plugin MediaPlayerEditor
LogPluginManager: Mounting plugin IOSDeviceProfileSelector
LogPluginManager: Mounting plugin LinuxDeviceProfileSelector
LogPluginManager: Mounting plugin WebMMedia
LogPluginManager: Mounting plugin WmfMedia
LogPluginManager: Mounting plugin LocationServicesBPLibrary
LogPluginManager: Mounting plugin MobilePatchingUtils
LogPluginManager: Mounting plugin OpenXREyeTracker
LogPluginManager: Mounting plugin OpenXR
LogPluginManager: Mounting plugin OpenXRHandTracking
LogPluginManager: Mounting plugin PhysXVehicles
LogPluginManager: Mounting plugin PostSplashScreen
LogPluginManager: Mounting plugin ProceduralMeshComponent
LogPluginManager: Mounting plugin PropertyAccessEditor
LogPluginManager: Mounting plugin ScreenshotTools
LogPluginManager: Mounting plugin RuntimePhysXCooking
LogPluginManager: Mounting plugin SignificanceManager
LogPluginManager: Mounting plugin SoundFields
LogPluginManager: Mounting plugin Synthesis
LogPluginManager: Mounting plugin WebMMoviePlayer
LogPluginManager: Mounting plugin WindowsMoviePlayer
LogPluginManager: Mounting plugin Takes
LogPluginManager: Mounting plugin ContentBrowserAssetDataSource
LogPluginManager: Mounting plugin ContentBrowserClassDataSource
LogPluginManager: Mounting plugin ContentBrowserFileDataSource
LogPluginManager: Mounting plugin OnlineSubsystemGooglePlay
LogPluginManager: Mounting plugin OnlineSubsystemIOS
LogPluginManager: Mounting plugin OculusVR
LogPluginManager: Mounting plugin SteamVR
PixWinPlugin: PIX capture plugin failed to initialize! Check that the process is launched from PIX.
LogInit: Using libcurl 7.55.1-DEV
LogInit:  - built for x86_64-pc-win32
LogInit:  - supports SSL with OpenSSL/1.1.1
LogInit:  - supports HTTP deflate (compression) using libz 1.2.8
LogInit:  - other features:
LogInit:      CURL_VERSION_SSL
LogInit:      CURL_VERSION_LIBZ
LogInit:      CURL_VERSION_IPV6
LogInit:      CURL_VERSION_ASYNCHDNS
LogInit:      CURL_VERSION_LARGEFILE
LogInit:      CURL_VERSION_IDN
LogInit:  CurlRequestOptions (configurable via config and command line):
LogInit:  - bVerifyPeer = true  - Libcurl will verify peer certificate
LogInit:  - bUseHttpProxy = false  - Libcurl will NOT use HTTP proxy
LogInit:  - bDontReuseConnections = false  - Libcurl will reuse connections
LogInit:  - MaxHostConnections = 16  - Libcurl will limit the number of connections to a host
LogInit:  - LocalHostAddr = Default
LogInit:  - BufferSize = 65536
LogOnline: OSS: Creating online subsystem instance for: NULL
LogInit: WinSock: version 1.1 (2.2), MaxSocks=32767, MaxUdp=65467
LogOnline: OSS: TryLoadSubsystemAndSetDefault: Loaded subsystem for module [NULL]
LogOculusPluginWrapper: OculusPlugin initialized successfully
LogHMD: Failed initializing OVRPlugin 1.59.0
LogInit: Build: ++UE4+Release-4.27-CL-17155196
LogInit: Engine Version: 4.27.0-17155196+++UE4+Release-4.27
LogInit: Compatible Engine Version: 4.27.0-17155196+++UE4+Release-4.27
LogInit: Net CL: 17155196
LogInit: OS: Windows 10 (Release 2004) (), CPU: AMD Ryzen 5 3600 6-Core Processor              , GPU: NVIDIA GeForce RTX 2060 SUPER
LogInit: Compiled (64-bit): Aug 13 2021 06:13:13
LogInit: Compiled with Visual C++: 19.24.28315.00
LogInit: Build Configuration: Development
LogInit: Branch Name: ++UE4+Release-4.27
LogInit: Command Line: 
LogInit: Base Directory: D:/Program Files/Epic Games/UE_4.27/Engine/Binaries/Win64/
LogInit: Allocator: TBB
LogInit: Installed Engine Build: 1
LogDevObjectVersion: Number of dev versions registered: 29
LogDevObjectVersion:   Dev-Blueprints (B0D832E4-1F89-4F0D-ACCF-7EB736FD4AA2): 10
LogDevObjectVersion:   Dev-Build (E1C64328-A22C-4D53-A36C-8E866417BD8C): 0
LogDevObjectVersion:   Dev-Core (375EC13C-06E4-48FB-B500-84F0262A717E): 4
LogDevObjectVersion:   Dev-Editor (E4B068ED-F494-42E9-A231-DA0B2E46BB41): 40
LogDevObjectVersion:   Dev-Framework (CFFC743F-43B0-4480-9391-14DF171D2073): 37
LogDevObjectVersion:   Dev-Mobile (B02B49B5-BB20-44E9-A304-32B752E40360): 3
LogDevObjectVersion:   Dev-Networking (A4E4105C-59A1-49B5-A7C5-40C4547EDFEE): 0
LogDevObjectVersion:   Dev-Online (39C831C9-5AE6-47DC-9A44-9C173E1C8E7C): 0
LogDevObjectVersion:   Dev-Physics (78F01B33-EBEA-4F98-B9B4-84EACCB95AA2): 14
LogDevObjectVersion:   Dev-Platform (6631380F-2D4D-43E0-8009-CF276956A95A): 0
LogDevObjectVersion:   Dev-Rendering (12F88B9F-8875-4AFC-A67C-D90C383ABD29): 45
LogDevObjectVersion:   Dev-Sequencer (7B5AE74C-D270-4C10-A958-57980B212A5A): 13
LogDevObjectVersion:   Dev-VR (D7296918-1DD6-4BDD-9DE2-64A83CC13884): 3
LogDevObjectVersion:   Dev-LoadTimes (C2A15278-BFE7-4AFE-6C17-90FF531DF755): 1
LogDevObjectVersion:   Private-Geometry (6EACA3D4-40EC-4CC1-B786-8BED09428FC5): 3
LogDevObjectVersion:   Dev-AnimPhys (29E575DD-E0A3-4627-9D10-D276232CDCEA): 17
LogDevObjectVersion:   Dev-Anim (AF43A65D-7FD3-4947-9873-3E8ED9C1BB05): 15
LogDevObjectVersion:   Dev-ReflectionCapture (6B266CEC-1EC7-4B8F-A30B-E4D90942FC07): 1
LogDevObjectVersion:   Dev-Automation (0DF73D61-A23F-47EA-B727-89E90C41499A): 1
LogDevObjectVersion:   FortniteMain (601D1886-AC64-4F84-AA16-D3DE0DEAC7D6): 47
LogDevObjectVersion:   FortniteRelease (E7086368-6B23-4C58-8439-1B7016265E91): 1
LogDevObjectVersion:   Dev-Enterprise (9DFFBCD6-494F-0158-E221-12823C92A888): 10
LogDevObjectVersion:   Dev-Niagara (F2AED0AC-9AFE-416F-8664-AA7FFA26D6FC): 1
LogDevObjectVersion:   Dev-Destruction (174F1F0B-B4C6-45A5-B13F-2EE8D0FB917D): 10
LogDevObjectVersion:   Dev-Physics-Ext (35F94A83-E258-406C-A318-09F59610247C): 41
LogDevObjectVersion:   Dev-PhysicsMaterial-Chaos (B68FC16E-8B1B-42E2-B453-215C058844FE): 1
LogDevObjectVersion:   Dev-CineCamera (B2E18506-4273-CFC2-A54E-F4BB758BBA07): 1
LogDevObjectVersion:   Dev-VirtualProduction (64F58936-FD1B-42BA-BA96-7289D5D0FA4E): 1
LogDevObjectVersion:   Dev-MediaFramework (6F0ED827-A609-4895-9C91-998D90180EA4): 2
LogInit: Presizing for max 25165824 objects, including 0 objects not considered by GC, pre-allocating 0 bytes for permanent pool.
LogConfig: Applying CVar settings from Section [/Script/Engine.StreamingSettings] File [C:/Users/YouHei/Desktop/InfiniteMatrixStarter/Saved/Config/Windows/Engine.ini]
LogConfig: Setting CVar [[s.MinBulkDataSizeForAsyncLoading:131072]]
LogConfig: Setting CVar [[s.AsyncLoadingThreadEnabled:0]]
LogConfig: Setting CVar [[s.EventDrivenLoaderEnabled:1]]
LogConfig: Setting CVar [[s.WarnIfTimeLimitExceeded:0]]
LogConfig: Setting CVar [[s.TimeLimitExceededMultiplier:1.5]]
LogConfig: Setting CVar [[s.TimeLimitExceededMinTime:0.005]]
LogConfig: Setting CVar [[s.UseBackgroundLevelStreaming:1]]
LogConfig: Setting CVar [[s.PriorityAsyncLoadingExtraTime:15.0]]
LogConfig: Setting CVar [[s.LevelStreamingActorsUpdateTimeLimit:5.0]]
LogConfig: Setting CVar [[s.PriorityLevelStreamingActorsUpdateExtraTime:5.0]]
LogConfig: Setting CVar [[s.LevelStreamingComponentsRegistrationGranularity:10]]
LogConfig: Setting CVar [[s.UnregisterComponentsTimeLimit:1.0]]
LogConfig: Setting CVar [[s.LevelStreamingComponentsUnregistrationGranularity:5]]
LogConfig: Setting CVar [[s.FlushStreamingOnExit:1]]
LogInit: Object subsystem initialized
LogConfig: Setting CVar [[con.DebugEarlyDefault:1]]
LogConfig: Setting CVar [[r.setres:1280x720]]
[2021.09.26-16.47.22:745][  0]LogConfig: Setting CVar [[r.VSync:0]]
[2021.09.26-16.47.22:745][  0]LogConfig: Setting CVar [[r.RHICmdBypass:0]]
[2021.09.26-16.47.22:745][  0]LogConfig: Applying CVar settings from Section [/Script/Engine.RendererSettings] File [C:/Users/YouHei/Desktop/InfiniteMatrixStarter/Saved/Config/Windows/Engine.ini]
[2021.09.26-16.47.22:745][  0]LogConfig: Setting CVar [[r.GPUCrashDebugging:0]]
[2021.09.26-16.47.22:745][  0]LogConfig: Applying CVar settings from Section [/Script/Engine.RendererOverrideSettings] File [C:/Users/YouHei/Desktop/InfiniteMatrixStarter/Saved/Config/Windows/Engine.ini]
[2021.09.26-16.47.22:745][  0]LogConfig: Applying CVar settings from Section [/Script/Engine.StreamingSettings] File [C:/Users/YouHei/Desktop/InfiniteMatrixStarter/Saved/Config/Windows/Engine.ini]
[2021.09.26-16.47.22:745][  0]LogConfig: Setting CVar [[s.MinBulkDataSizeForAsyncLoading:131072]]
[2021.09.26-16.47.22:745][  0]LogConfig: Setting CVar [[s.AsyncLoadingThreadEnabled:0]]
[2021.09.26-16.47.22:745][  0]LogConfig: Setting CVar [[s.EventDrivenLoaderEnabled:1]]
[2021.09.26-16.47.22:745][  0]LogConfig: Setting CVar [[s.WarnIfTimeLimitExceeded:0]]
[2021.09.26-16.47.22:745][  0]LogConfig: Setting CVar [[s.TimeLimitExceededMultiplier:1.5]]
[2021.09.26-16.47.22:745][  0]LogConfig: Setting CVar [[s.TimeLimitExceededMinTime:0.005]]
[2021.09.26-16.47.22:745][  0]LogConfig: Setting CVar [[s.UseBackgroundLevelStreaming:1]]
[2021.09.26-16.47.22:745][  0]LogConfig: Setting CVar [[s.PriorityAsyncLoadingExtraTime:15.0]]
[2021.09.26-16.47.22:745][  0]LogConfig: Setting CVar [[s.LevelStreamingActorsUpdateTimeLimit:5.0]]
[2021.09.26-16.47.22:745][  0]LogConfig: Setting CVar [[s.PriorityLevelStreamingActorsUpdateExtraTime:5.0]]
[2021.09.26-16.47.22:745][  0]LogConfig: Setting CVar [[s.LevelStreamingComponentsRegistrationGranularity:10]]
[2021.09.26-16.47.22:745][  0]LogConfig: Setting CVar [[s.UnregisterComponentsTimeLimit:1.0]]
[2021.09.26-16.47.22:745][  0]LogConfig: Setting CVar [[s.LevelStreamingComponentsUnregistrationGranularity:5]]
[2021.09.26-16.47.22:745][  0]LogConfig: Setting CVar [[s.FlushStreamingOnExit:1]]
[2021.09.26-16.47.22:745][  0]LogConfig: Applying CVar settings from Section [/Script/Engine.GarbageCollectionSettings] File [C:/Users/YouHei/Desktop/InfiniteMatrixStarter/Saved/Config/Windows/Engine.ini]
[2021.09.26-16.47.22:745][  0]LogConfig: Setting CVar [[gc.MaxObjectsNotConsideredByGC:1]]
[2021.09.26-16.47.22:745][  0]LogConfig: Setting CVar [[gc.SizeOfPermanentObjectPool:0]]
[2021.09.26-16.47.22:745][  0]LogConfig: Setting CVar [[gc.FlushStreamingOnGC:0]]
[2021.09.26-16.47.22:745][  0]LogConfig: Setting CVar [[gc.NumRetriesBeforeForcingGC:10]]
[2021.09.26-16.47.22:745][  0]LogConfig: Setting CVar [[gc.AllowParallelGC:1]]
[2021.09.26-16.47.22:745][  0]LogConfig: Setting CVar [[gc.TimeBetweenPurgingPendingKillObjects:61.1]]
[2021.09.26-16.47.22:745][  0]LogConfig: Setting CVar [[gc.MaxObjectsInEditor:25165824]]
[2021.09.26-16.47.22:745][  0]LogConfig: Setting CVar [[gc.IncrementalBeginDestroyEnabled:1]]
[2021.09.26-16.47.22:745][  0]LogConfig: Setting CVar [[gc.CreateGCClusters:1]]
[2021.09.26-16.47.22:745][  0]LogConfig: Setting CVar [[gc.MinGCClusterSize:5]]
[2021.09.26-16.47.22:745][  0]LogConfig: Setting CVar [[gc.ActorClusteringEnabled:0]]
[2021.09.26-16.47.22:745][  0]LogConfig: Setting CVar [[gc.BlueprintClusteringEnabled:0]]
[2021.09.26-16.47.22:745][  0]LogConfig: Setting CVar [[gc.UseDisregardForGCOnDedicatedServers:0]]
[2021.09.26-16.47.22:745][  0]LogConfig: Setting CVar [[gc.MultithreadedDestructionEnabled:1]]
[2021.09.26-16.47.22:745][  0]LogConfig: Applying CVar settings from Section [/Script/Engine.NetworkSettings] File [C:/Users/YouHei/Desktop/InfiniteMatrixStarter/Saved/Config/Windows/Engine.ini]
[2021.09.26-16.47.22:745][  0]LogConfig: Applying CVar settings from Section [/Script/UnrealEd.CookerSettings] File [C:/Users/YouHei/Desktop/InfiniteMatrixStarter/Saved/Config/Windows/Engine.ini]
[2021.09.26-16.47.22:763][  0]LogConfig: Applying CVar settings from Section [ViewDistanceQuality@3] File [C:/Users/YouHei/Desktop/InfiniteMatrixStarter/Saved/Config/Windows/Scalability.ini]
[2021.09.26-16.47.22:763][  0]LogConfig: Setting CVar [[r.SkeletalMeshLODBias:0]]
[2021.09.26-16.47.22:763][  0]LogConfig: Setting CVar [[r.ViewDistanceScale:1.0]]
[2021.09.26-16.47.22:763][  0]LogConfig: Applying CVar settings from Section [AntiAliasingQuality@3] File [C:/Users/YouHei/Desktop/InfiniteMatrixStarter/Saved/Config/Windows/Scalability.ini]
[2021.09.26-16.47.22:763][  0]LogConfig: Setting CVar [[r.PostProcessAAQuality:4]]
[2021.09.26-16.47.22:763][  0]LogConfig: Applying CVar settings from Section [ShadowQuality@3] File [C:/Users/YouHei/Desktop/InfiniteMatrixStarter/Saved/Config/Windows/Scalability.ini]
[2021.09.26-16.47.22:763][  0]LogConfig: Setting CVar [[r.LightFunctionQuality:1]]
[2021.09.26-16.47.22:763][  0]LogConfig: Setting CVar [[r.ShadowQuality:5]]
[2021.09.26-16.47.22:763][  0]LogConfig: Setting CVar [[r.Shadow.CSM.MaxCascades:10]]
[2021.09.26-16.47.22:763][  0]LogConfig: Setting CVar [[r.Shadow.MaxResolution:2048]]
[2021.09.26-16.47.22:763][  0]LogConfig: Setting CVar [[r.Shadow.MaxCSMResolution:2048]]
[2021.09.26-16.47.22:763][  0]LogConfig: Setting CVar [[r.Shadow.RadiusThreshold:0.01]]
[2021.09.26-16.47.22:763][  0]LogConfig: Setting CVar [[r.Shadow.DistanceScale:1.0]]
[2021.09.26-16.47.22:763][  0]LogConfig: Setting CVar [[r.Shadow.CSM.TransitionScale:1.0]]
[2021.09.26-16.47.22:763][  0]LogConfig: Setting CVar [[r.Shadow.PreShadowResolutionFactor:1.0]]
[2021.09.26-16.47.22:763][  0]LogConfig: Setting CVar [[r.DistanceFieldShadowing:1]]
[2021.09.26-16.47.22:763][  0]LogConfig: Setting CVar [[r.DistanceFieldAO:1]]
[2021.09.26-16.47.22:763][  0]LogConfig: Setting CVar [[r.AOQuality:2]]
[2021.09.26-16.47.22:763][  0]LogConfig: Setting CVar [[r.VolumetricFog:1]]
[2021.09.26-16.47.22:763][  0]LogConfig: Setting CVar [[r.VolumetricFog.GridPixelSize:8]]
[2021.09.26-16.47.22:763][  0]LogConfig: Setting CVar [[r.VolumetricFog.GridSizeZ:128]]
[2021.09.26-16.47.22:763][  0]LogConfig: Setting CVar [[r.VolumetricFog.HistoryMissSupersampleCount:4]]
[2021.09.26-16.47.22:763][  0]LogConfig: Setting CVar [[r.LightMaxDrawDistanceScale:1]]
[2021.09.26-16.47.22:763][  0]LogConfig: Setting CVar [[r.CapsuleShadows:1]]
[2021.09.26-16.47.22:763][  0]LogConfig: Applying CVar settings from Section [PostProcessQuality@3] File [C:/Users/YouHei/Desktop/InfiniteMatrixStarter/Saved/Config/Windows/Scalability.ini]
[2021.09.26-16.47.22:763][  0]LogConfig: Setting CVar [[r.MotionBlurQuality:4]]
[2021.09.26-16.47.22:763][  0]LogConfig: Setting CVar [[r.AmbientOcclusionMipLevelFactor:0.4]]
[2021.09.26-16.47.22:763][  0]LogConfig: Setting CVar [[r.AmbientOcclusionMaxQuality:100]]
[2021.09.26-16.47.22:763][  0]LogConfig: Setting CVar [[r.AmbientOcclusionLevels:-1]]
[2021.09.26-16.47.22:763][  0]LogConfig: Setting CVar [[r.AmbientOcclusionRadiusScale:1.0]]
[2021.09.26-16.47.22:763][  0]LogConfig: Setting CVar [[r.DepthOfFieldQuality:2]]
[2021.09.26-16.47.22:763][  0]LogConfig: Setting CVar [[r.RenderTargetPoolMin:400]]
[2021.09.26-16.47.22:763][  0]LogConfig: Setting CVar [[r.LensFlareQuality:2]]
[2021.09.26-16.47.22:763][  0]LogConfig: Setting CVar [[r.SceneColorFringeQuality:1]]
[2021.09.26-16.47.22:763][  0]LogConfig: Setting CVar [[r.EyeAdaptationQuality:2]]
[2021.09.26-16.47.22:763][  0]LogConfig: Setting CVar [[r.BloomQuality:5]]
[2021.09.26-16.47.22:763][  0]LogConfig: Setting CVar [[r.FastBlurThreshold:100]]
[2021.09.26-16.47.22:763][  0]LogConfig: Setting CVar [[r.Upscale.Quality:3]]
[2021.09.26-16.47.22:763][  0]LogConfig: Setting CVar [[r.Tonemapper.GrainQuantization:1]]
[2021.09.26-16.47.22:763][  0]LogConfig: Setting CVar [[r.LightShaftQuality:1]]
[2021.09.26-16.47.22:763][  0]LogConfig: Setting CVar [[r.Filter.SizeScale:1]]
[2021.09.26-16.47.22:763][  0]LogConfig: Setting CVar [[r.Tonemapper.Quality:5]]
[2021.09.26-16.47.22:763][  0]LogConfig: Setting CVar [[r.DOF.Gather.AccumulatorQuality:1        ; higher gathering accumulator quality]]
[2021.09.26-16.47.22:763][  0]LogConfig: Setting CVar [[r.DOF.Gather.PostfilterMethod:1          ; Median3x3 postfilering method]]
[2021.09.26-16.47.22:763][  0]LogConfig: Setting CVar [[r.DOF.Gather.EnableBokehSettings:0       ; no bokeh simulation when gathering]]
[2021.09.26-16.47.22:763][  0]LogConfig: Setting CVar [[r.DOF.Gather.RingCount:4                 ; medium number of samples when gathering]]
[2021.09.26-16.47.22:763][  0]LogConfig: Setting CVar [[r.DOF.Scatter.ForegroundCompositing:1    ; additive foreground scattering]]
[2021.09.26-16.47.22:763][  0]LogConfig: Setting CVar [[r.DOF.Scatter.BackgroundCompositing:2    ; additive background scattering]]
[2021.09.26-16.47.22:763][  0]LogConfig: Setting CVar [[r.DOF.Scatter.EnableBokehSettings:1      ; bokeh simulation when scattering]]
[2021.09.26-16.47.22:763][  0]LogConfig: Setting CVar [[r.DOF.Scatter.MaxSpriteRatio:0.1         ; only a maximum of 10% of scattered bokeh]]
[2021.09.26-16.47.22:763][  0]LogConfig: Setting CVar [[r.DOF.Recombine.Quality:1                ; cheap slight out of focus]]
[2021.09.26-16.47.22:763][  0]LogConfig: Setting CVar [[r.DOF.Recombine.EnableBokehSettings:0    ; no bokeh simulation on slight out of focus]]
[2021.09.26-16.47.22:763][  0]LogConfig: Setting CVar [[r.DOF.TemporalAAQuality:1                ; more stable temporal accumulation]]
[2021.09.26-16.47.22:763][  0]LogConfig: Setting CVar [[r.DOF.Kernel.MaxForegroundRadius:0.025]]
[2021.09.26-16.47.22:763][  0]LogConfig: Setting CVar [[r.DOF.Kernel.MaxBackgroundRadius:0.025]]
[2021.09.26-16.47.22:763][  0]LogConfig: Applying CVar settings from Section [TextureQuality@3] File [C:/Users/YouHei/Desktop/InfiniteMatrixStarter/Saved/Config/Windows/Scalability.ini]
[2021.09.26-16.47.22:763][  0]LogConfig: Setting CVar [[r.Streaming.MipBias:0]]
[2021.09.26-16.47.22:763][  0]LogConfig: Setting CVar [[r.Streaming.AmortizeCPUToGPUCopy:0]]
[2021.09.26-16.47.22:763][  0]LogConfig: Setting CVar [[r.Streaming.MaxNumTexturesToStreamPerFrame:0]]
[2021.09.26-16.47.22:763][  0]LogConfig: Setting CVar [[r.Streaming.Boost:1]]
[2021.09.26-16.47.22:763][  0]LogConfig: Setting CVar [[r.MaxAnisotropy:8]]
[2021.09.26-16.47.22:764][  0]LogConfig: Setting CVar [[r.VT.MaxAnisotropy:8]]
[2021.09.26-16.47.22:764][  0]LogConfig: Setting CVar [[r.Streaming.LimitPoolSizeToVRAM:0]]
[2021.09.26-16.47.22:764][  0]LogConfig: Setting CVar [[r.Streaming.PoolSize:1000]]
[2021.09.26-16.47.22:764][  0]LogConfig: Setting CVar [[r.Streaming.MaxEffectiveScreenSize:0]]
[2021.09.26-16.47.22:764][  0]LogConfig: Applying CVar settings from Section [EffectsQuality@3] File [C:/Users/YouHei/Desktop/InfiniteMatrixStarter/Saved/Config/Windows/Scalability.ini]
[2021.09.26-16.47.22:764][  0]LogConfig: Setting CVar [[r.TranslucencyLightingVolumeDim:64]]
[2021.09.26-16.47.22:764][  0]LogConfig: Setting CVar [[r.RefractionQuality:2]]
[2021.09.26-16.47.22:764][  0]LogConfig: Setting CVar [[r.SSR.Quality:3]]
[2021.09.26-16.47.22:764][  0]LogConfig: Setting CVar [[r.SSR.HalfResSceneColor:0]]
[2021.09.26-16.47.22:764][  0]LogConfig: Setting CVar [[r.SceneColorFormat:4]]
[2021.09.26-16.47.22:764][  0]LogConfig: Setting CVar [[r.DetailMode:2]]
[2021.09.26-16.47.22:764][  0]LogConfig: Setting CVar [[r.TranslucencyVolumeBlur:1]]
[2021.09.26-16.47.22:764][  0]LogConfig: Setting CVar [[r.MaterialQualityLevel:1 ; High quality]]
[2021.09.26-16.47.22:764][  0]LogConfig: Setting CVar [[r.AnisotropicMaterials:1]]
[2021.09.26-16.47.22:764][  0]LogConfig: Setting CVar [[r.SSS.Scale:1]]
[2021.09.26-16.47.22:764][  0]LogConfig: Setting CVar [[r.SSS.SampleSet:2]]
[2021.09.26-16.47.22:764][  0]LogConfig: Setting CVar [[r.SSS.Quality:1]]
[2021.09.26-16.47.22:764][  0]LogConfig: Setting CVar [[r.SSS.HalfRes:0]]
[2021.09.26-16.47.22:764][  0]LogConfig: Setting CVar [[r.SSGI.Quality:3]]
[2021.09.26-16.47.22:764][  0]LogConfig: Setting CVar [[r.EmitterSpawnRateScale:1.0]]
[2021.09.26-16.47.22:764][  0]LogConfig: Setting CVar [[r.ParticleLightQuality:2]]
[2021.09.26-16.47.22:764][  0]LogConfig: Setting CVar [[r.SkyAtmosphere.AerialPerspectiveLUT.FastApplyOnOpaque:1 ; Always have FastSkyLUT 1 in this case to avoid wrong sky]]
[2021.09.26-16.47.22:764][  0]LogConfig: Setting CVar [[r.SkyAtmosphere.AerialPerspectiveLUT.SampleCountMaxPerSlice:4]]
[2021.09.26-16.47.22:764][  0]LogConfig: Setting CVar [[r.SkyAtmosphere.AerialPerspectiveLUT.DepthResolution:16.0]]
[2021.09.26-16.47.22:764][  0]LogConfig: Setting CVar [[r.SkyAtmosphere.FastSkyLUT:1]]
[2021.09.26-16.47.22:764][  0]LogConfig: Setting CVar [[r.SkyAtmosphere.FastSkyLUT.SampleCountMin:4.0]]
[2021.09.26-16.47.22:764][  0]LogConfig: Setting CVar [[r.SkyAtmosphere.FastSkyLUT.SampleCountMax:128.0]]
[2021.09.26-16.47.22:764][  0]LogConfig: Setting CVar [[r.SkyAtmosphere.SampleCountMin:4.0]]
[2021.09.26-16.47.22:764][  0]LogConfig: Setting CVar [[r.SkyAtmosphere.SampleCountMax:128.0]]
[2021.09.26-16.47.22:764][  0]LogConfig: Setting CVar [[r.SkyAtmosphere.TransmittanceLUT.UseSmallFormat:0]]
[2021.09.26-16.47.22:764][  0]LogConfig: Setting CVar [[r.SkyAtmosphere.TransmittanceLUT.SampleCount:10.0]]
[2021.09.26-16.47.22:764][  0]LogConfig: Setting CVar [[r.SkyAtmosphere.MultiScatteringLUT.SampleCount:15.0]]
[2021.09.26-16.47.22:764][  0]LogConfig: Setting CVar [[r.SkyLight.RealTimeReflectionCapture:1]]
[2021.09.26-16.47.22:764][  0]LogConfig: Applying CVar settings from Section [FoliageQuality@3] File [C:/Users/YouHei/Desktop/InfiniteMatrixStarter/Saved/Config/Windows/Scalability.ini]
[2021.09.26-16.47.22:764][  0]LogConfig: Setting CVar [[foliage.DensityScale:1.0]]
[2021.09.26-16.47.22:764][  0]LogConfig: Setting CVar [[grass.DensityScale:1.0]]
[2021.09.26-16.47.22:764][  0]LogConfig: Applying CVar settings from Section [ShadingQuality@3] File [C:/Users/YouHei/Desktop/InfiniteMatrixStarter/Saved/Config/Windows/Scalability.ini]
[2021.09.26-16.47.22:764][  0]LogConfig: Setting CVar [[r.HairStrands.SkyLighting.IntegrationType:2]]
[2021.09.26-16.47.22:764][  0]LogConfig: Setting CVar [[r.HairStrands.SkyAO.SampleCount:4]]
[2021.09.26-16.47.22:764][  0]LogConfig: Setting CVar [[r.HairStrands.Visibility.MSAA.SamplePerPixel:4]]
[2021.09.26-16.47.22:764][  0]LogInit: Selected Device Profile: [Windows]
[2021.09.26-16.47.22:764][  0]LogInit: Applying CVar settings loaded from the selected device profile: [Windows]
[2021.09.26-16.47.22:764][  0]LogHAL: Display: Platform has ~ 16 GB [17089765376 / 17179869184 / 16], which maps to Larger [LargestMinGB=32, LargerMinGB=12, DefaultMinGB=8, SmallerMinGB=6, SmallestMinGB=0)
[2021.09.26-16.47.22:764][  0]LogInit: Going up to parent DeviceProfile []
[2021.09.26-16.47.22:764][  0]LogConfig: Applying CVar settings from Section [ViewDistanceQuality@3] File [C:/Users/YouHei/Desktop/InfiniteMatrixStarter/Saved/Config/Windows/Scalability.ini]
[2021.09.26-16.47.22:764][  0]LogConfig: Setting CVar [[r.SkeletalMeshLODBias:0]]
[2021.09.26-16.47.22:764][  0]LogConfig: Setting CVar [[r.ViewDistanceScale:1.0]]
[2021.09.26-16.47.22:764][  0]LogConfig: Applying CVar settings from Section [AntiAliasingQuality@3] File [C:/Users/YouHei/Desktop/InfiniteMatrixStarter/Saved/Config/Windows/Scalability.ini]
[2021.09.26-16.47.22:764][  0]LogConfig: Setting CVar [[r.PostProcessAAQuality:4]]
[2021.09.26-16.47.22:764][  0]LogConfig: Applying CVar settings from Section [ShadowQuality@3] File [C:/Users/YouHei/Desktop/InfiniteMatrixStarter/Saved/Config/Windows/Scalability.ini]
[2021.09.26-16.47.22:764][  0]LogConfig: Setting CVar [[r.LightFunctionQuality:1]]
[2021.09.26-16.47.22:764][  0]LogConfig: Setting CVar [[r.ShadowQuality:5]]
[2021.09.26-16.47.22:764][  0]LogConfig: Setting CVar [[r.Shadow.CSM.MaxCascades:10]]
[2021.09.26-16.47.22:764][  0]LogConfig: Setting CVar [[r.Shadow.MaxResolution:2048]]
[2021.09.26-16.47.22:764][  0]LogConfig: Setting CVar [[r.Shadow.MaxCSMResolution:2048]]
[2021.09.26-16.47.22:764][  0]LogConfig: Setting CVar [[r.Shadow.RadiusThreshold:0.01]]
[2021.09.26-16.47.22:764][  0]LogConfig: Setting CVar [[r.Shadow.DistanceScale:1.0]]
[2021.09.26-16.47.22:764][  0]LogConfig: Setting CVar [[r.Shadow.CSM.TransitionScale:1.0]]
[2021.09.26-16.47.22:764][  0]LogConfig: Setting CVar [[r.Shadow.PreShadowResolutionFactor:1.0]]
[2021.09.26-16.47.22:764][  0]LogConfig: Setting CVar [[r.DistanceFieldShadowing:1]]
[2021.09.26-16.47.22:764][  0]LogConfig: Setting CVar [[r.DistanceFieldAO:1]]
[2021.09.26-16.47.22:764][  0]LogConfig: Setting CVar [[r.AOQuality:2]]
[2021.09.26-16.47.22:764][  0]LogConfig: Setting CVar [[r.VolumetricFog:1]]
[2021.09.26-16.47.22:764][  0]LogConfig: Setting CVar [[r.VolumetricFog.GridPixelSize:8]]
[2021.09.26-16.47.22:764][  0]LogConfig: Setting CVar [[r.VolumetricFog.GridSizeZ:128]]
[2021.09.26-16.47.22:764][  0]LogConfig: Setting CVar [[r.VolumetricFog.HistoryMissSupersampleCount:4]]
[2021.09.26-16.47.22:764][  0]LogConfig: Setting CVar [[r.LightMaxDrawDistanceScale:1]]
[2021.09.26-16.47.22:764][  0]LogConfig: Setting CVar [[r.CapsuleShadows:1]]
[2021.09.26-16.47.22:764][  0]LogConfig: Applying CVar settings from Section [PostProcessQuality@3] File [C:/Users/YouHei/Desktop/InfiniteMatrixStarter/Saved/Config/Windows/Scalability.ini]
[2021.09.26-16.47.22:764][  0]LogConfig: Setting CVar [[r.MotionBlurQuality:4]]
[2021.09.26-16.47.22:764][  0]LogConfig: Setting CVar [[r.AmbientOcclusionMipLevelFactor:0.4]]
[2021.09.26-16.47.22:764][  0]LogConfig: Setting CVar [[r.AmbientOcclusionMaxQuality:100]]
[2021.09.26-16.47.22:764][  0]LogConfig: Setting CVar [[r.AmbientOcclusionLevels:-1]]
[2021.09.26-16.47.22:764][  0]LogConfig: Setting CVar [[r.AmbientOcclusionRadiusScale:1.0]]
[2021.09.26-16.47.22:764][  0]LogConfig: Setting CVar [[r.DepthOfFieldQuality:2]]
[2021.09.26-16.47.22:764][  0]LogConfig: Setting CVar [[r.RenderTargetPoolMin:400]]
[2021.09.26-16.47.22:764][  0]LogConfig: Setting CVar [[r.LensFlareQuality:2]]
[2021.09.26-16.47.22:764][  0]LogConfig: Setting CVar [[r.SceneColorFringeQuality:1]]
[2021.09.26-16.47.22:764][  0]LogConfig: Setting CVar [[r.EyeAdaptationQuality:2]]
[2021.09.26-16.47.22:764][  0]LogConfig: Setting CVar [[r.BloomQuality:5]]
[2021.09.26-16.47.22:764][  0]LogConfig: Setting CVar [[r.FastBlurThreshold:100]]
[2021.09.26-16.47.22:764][  0]LogConfig: Setting CVar [[r.Upscale.Quality:3]]
[2021.09.26-16.47.22:764][  0]LogConfig: Setting CVar [[r.Tonemapper.GrainQuantization:1]]
[2021.09.26-16.47.22:764][  0]LogConfig: Setting CVar [[r.LightShaftQuality:1]]
[2021.09.26-16.47.22:764][  0]LogConfig: Setting CVar [[r.Filter.SizeScale:1]]
[2021.09.26-16.47.22:764][  0]LogConfig: Setting CVar [[r.Tonemapper.Quality:5]]
[2021.09.26-16.47.22:764][  0]LogConfig: Setting CVar [[r.DOF.Gather.AccumulatorQuality:1        ; higher gathering accumulator quality]]
[2021.09.26-16.47.22:764][  0]LogConfig: Setting CVar [[r.DOF.Gather.PostfilterMethod:1          ; Median3x3 postfilering method]]
[2021.09.26-16.47.22:764][  0]LogConfig: Setting CVar [[r.DOF.Gather.EnableBokehSettings:0       ; no bokeh simulation when gathering]]
[2021.09.26-16.47.22:764][  0]LogConfig: Setting CVar [[r.DOF.Gather.RingCount:4                 ; medium number of samples when gathering]]
[2021.09.26-16.47.22:764][  0]LogConfig: Setting CVar [[r.DOF.Scatter.ForegroundCompositing:1    ; additive foreground scattering]]
[2021.09.26-16.47.22:764][  0]LogConfig: Setting CVar [[r.DOF.Scatter.BackgroundCompositing:2    ; additive background scattering]]
[2021.09.26-16.47.22:764][  0]LogConfig: Setting CVar [[r.DOF.Scatter.EnableBokehSettings:1      ; bokeh simulation when scattering]]
[2021.09.26-16.47.22:764][  0]LogConfig: Setting CVar [[r.DOF.Scatter.MaxSpriteRatio:0.1         ; only a maximum of 10% of scattered bokeh]]
[2021.09.26-16.47.22:764][  0]LogConfig: Setting CVar [[r.DOF.Recombine.Quality:1                ; cheap slight out of focus]]
[2021.09.26-16.47.22:765][  0]LogConfig: Setting CVar [[r.DOF.Recombine.EnableBokehSettings:0    ; no bokeh simulation on slight out of focus]]
[2021.09.26-16.47.22:765][  0]LogConfig: Setting CVar [[r.DOF.TemporalAAQuality:1                ; more stable temporal accumulation]]
[2021.09.26-16.47.22:765][  0]LogConfig: Setting CVar [[r.DOF.Kernel.MaxForegroundRadius:0.025]]
[2021.09.26-16.47.22:765][  0]LogConfig: Setting CVar [[r.DOF.Kernel.MaxBackgroundRadius:0.025]]
[2021.09.26-16.47.22:765][  0]LogConfig: Applying CVar settings from Section [TextureQuality@3] File [C:/Users/YouHei/Desktop/InfiniteMatrixStarter/Saved/Config/Windows/Scalability.ini]
[2021.09.26-16.47.22:765][  0]LogConfig: Setting CVar [[r.Streaming.MipBias:0]]
[2021.09.26-16.47.22:765][  0]LogConfig: Setting CVar [[r.Streaming.AmortizeCPUToGPUCopy:0]]
[2021.09.26-16.47.22:765][  0]LogConfig: Setting CVar [[r.Streaming.MaxNumTexturesToStreamPerFrame:0]]
[2021.09.26-16.47.22:765][  0]LogConfig: Setting CVar [[r.Streaming.Boost:1]]
[2021.09.26-16.47.22:765][  0]LogConfig: Setting CVar [[r.MaxAnisotropy:8]]
[2021.09.26-16.47.22:765][  0]LogConfig: Setting CVar [[r.VT.MaxAnisotropy:8]]
[2021.09.26-16.47.22:765][  0]LogConfig: Setting CVar [[r.Streaming.LimitPoolSizeToVRAM:0]]
[2021.09.26-16.47.22:765][  0]LogConfig: Setting CVar [[r.Streaming.PoolSize:1000]]
[2021.09.26-16.47.22:765][  0]LogConfig: Setting CVar [[r.Streaming.MaxEffectiveScreenSize:0]]
[2021.09.26-16.47.22:765][  0]LogConfig: Applying CVar settings from Section [EffectsQuality@3] File [C:/Users/YouHei/Desktop/InfiniteMatrixStarter/Saved/Config/Windows/Scalability.ini]
[2021.09.26-16.47.22:765][  0]LogConfig: Setting CVar [[r.TranslucencyLightingVolumeDim:64]]
[2021.09.26-16.47.22:765][  0]LogConfig: Setting CVar [[r.RefractionQuality:2]]
[2021.09.26-16.47.22:765][  0]LogConfig: Setting CVar [[r.SSR.Quality:3]]
[2021.09.26-16.47.22:765][  0]LogConfig: Setting CVar [[r.SSR.HalfResSceneColor:0]]
[2021.09.26-16.47.22:765][  0]LogConfig: Setting CVar [[r.SceneColorFormat:4]]
[2021.09.26-16.47.22:765][  0]LogConfig: Setting CVar [[r.DetailMode:2]]
[2021.09.26-16.47.22:765][  0]LogConfig: Setting CVar [[r.TranslucencyVolumeBlur:1]]
[2021.09.26-16.47.22:765][  0]LogConfig: Setting CVar [[r.MaterialQualityLevel:1 ; High quality]]
[2021.09.26-16.47.22:765][  0]LogConfig: Setting CVar [[r.AnisotropicMaterials:1]]
[2021.09.26-16.47.22:765][  0]LogConfig: Setting CVar [[r.SSS.Scale:1]]
[2021.09.26-16.47.22:765][  0]LogConfig: Setting CVar [[r.SSS.SampleSet:2]]
[2021.09.26-16.47.22:765][  0]LogConfig: Setting CVar [[r.SSS.Quality:1]]
[2021.09.26-16.47.22:765][  0]LogConfig: Setting CVar [[r.SSS.HalfRes:0]]
[2021.09.26-16.47.22:765][  0]LogConfig: Setting CVar [[r.SSGI.Quality:3]]
[2021.09.26-16.47.22:765][  0]LogConfig: Setting CVar [[r.EmitterSpawnRateScale:1.0]]
[2021.09.26-16.47.22:765][  0]LogConfig: Setting CVar [[r.ParticleLightQuality:2]]
[2021.09.26-16.47.22:765][  0]LogConfig: Setting CVar [[r.SkyAtmosphere.AerialPerspectiveLUT.FastApplyOnOpaque:1 ; Always have FastSkyLUT 1 in this case to avoid wrong sky]]
[2021.09.26-16.47.22:765][  0]LogConfig: Setting CVar [[r.SkyAtmosphere.AerialPerspectiveLUT.SampleCountMaxPerSlice:4]]
[2021.09.26-16.47.22:765][  0]LogConfig: Setting CVar [[r.SkyAtmosphere.AerialPerspectiveLUT.DepthResolution:16.0]]
[2021.09.26-16.47.22:765][  0]LogConfig: Setting CVar [[r.SkyAtmosphere.FastSkyLUT:1]]
[2021.09.26-16.47.22:765][  0]LogConfig: Setting CVar [[r.SkyAtmosphere.FastSkyLUT.SampleCountMin:4.0]]
[2021.09.26-16.47.22:765][  0]LogConfig: Setting CVar [[r.SkyAtmosphere.FastSkyLUT.SampleCountMax:128.0]]
[2021.09.26-16.47.22:765][  0]LogConfig: Setting CVar [[r.SkyAtmosphere.SampleCountMin:4.0]]
[2021.09.26-16.47.22:765][  0]LogConfig: Setting CVar [[r.SkyAtmosphere.SampleCountMax:128.0]]
[2021.09.26-16.47.22:765][  0]LogConfig: Setting CVar [[r.SkyAtmosphere.TransmittanceLUT.UseSmallFormat:0]]
[2021.09.26-16.47.22:765][  0]LogConfig: Setting CVar [[r.SkyAtmosphere.TransmittanceLUT.SampleCount:10.0]]
[2021.09.26-16.47.22:765][  0]LogConfig: Setting CVar [[r.SkyAtmosphere.MultiScatteringLUT.SampleCount:15.0]]
[2021.09.26-16.47.22:765][  0]LogConfig: Setting CVar [[r.SkyLight.RealTimeReflectionCapture:1]]
[2021.09.26-16.47.22:765][  0]LogConfig: Applying CVar settings from Section [FoliageQuality@3] File [C:/Users/YouHei/Desktop/InfiniteMatrixStarter/Saved/Config/Windows/Scalability.ini]
[2021.09.26-16.47.22:765][  0]LogConfig: Setting CVar [[foliage.DensityScale:1.0]]
[2021.09.26-16.47.22:765][  0]LogConfig: Setting CVar [[grass.DensityScale:1.0]]
[2021.09.26-16.47.22:765][  0]LogConfig: Applying CVar settings from Section [ShadingQuality@3] File [C:/Users/YouHei/Desktop/InfiniteMatrixStarter/Saved/Config/Windows/Scalability.ini]
[2021.09.26-16.47.22:765][  0]LogConfig: Setting CVar [[r.HairStrands.SkyLighting.IntegrationType:2]]
[2021.09.26-16.47.22:765][  0]LogConfig: Setting CVar [[r.HairStrands.SkyAO.SampleCount:4]]
[2021.09.26-16.47.22:765][  0]LogConfig: Setting CVar [[r.HairStrands.Visibility.MSAA.SamplePerPixel:4]]
[2021.09.26-16.47.22:765][  0]LogConfig: Applying CVar settings from Section [Startup] File [../../../Engine/Config/ConsoleVariables.ini]
[2021.09.26-16.47.22:765][  0]LogConfig: Setting CVar [[net.UseAdaptiveNetUpdateFrequency:0]]
[2021.09.26-16.47.22:765][  0]LogConfig: Setting CVar [[p.chaos.AllowCreatePhysxBodies:1]]
[2021.09.26-16.47.22:765][  0]LogConfig: Setting CVar [[fx.SkipVectorVMBackendOptimizations:1]]
[2021.09.26-16.47.22:765][  0]LogConfig: Applying CVar settings from Section [ConsoleVariables] File [C:/Users/YouHei/Desktop/InfiniteMatrixStarter/Saved/Config/Windows/Engine.ini]
[2021.09.26-16.47.22:765][  0]LogConfig: Applying CVar settings from Section [ConsoleVariables] File [C:/Users/YouHei/Desktop/InfiniteMatrixStarter/Saved/Config/Windows/Editor.ini]
[2021.09.26-16.47.22:766][  0]LogInit: Computer: DESKTOP-R632AKV
[2021.09.26-16.47.22:766][  0]LogInit: User: YouHei
[2021.09.26-16.47.22:766][  0]LogInit: CPU Page size=4096, Cores=6
[2021.09.26-16.47.22:766][  0]LogInit: High frequency timer resolution =10.000000 MHz
[2021.09.26-16.47.22:766][  0]LogMemory: Memory total: Physical=15.9GB (16GB approx)
[2021.09.26-16.47.22:766][  0]LogMemory: Platform Memory Stats for Windows
[2021.09.26-16.47.22:766][  0]LogMemory: Process Physical Memory: 143.31 MB used, 143.31 MB peak
[2021.09.26-16.47.22:766][  0]LogMemory: Process Virtual Memory: 130.18 MB used, 130.18 MB peak
[2021.09.26-16.47.22:766][  0]LogMemory: Physical Memory: 6661.18 MB used,  9636.89 MB free, 16298.07 MB total
[2021.09.26-16.47.22:766][  0]LogMemory: Virtual Memory: 134202968.00 MB used,  14761.35 MB free, 134217728.00 MB total
[2021.09.26-16.47.22:917][  0]LogWindows: WindowsPlatformFeatures enabled
[2021.09.26-16.47.22:943][  0]LogInit: Physics initialised using underlying interface: PhysX
[2021.09.26-16.47.22:944][  0]LogInit: Using OS detected language (en-US).
[2021.09.26-16.47.22:944][  0]LogInit: Using OS detected locale (en-US).
[2021.09.26-16.47.22:946][  0]LogTextLocalizationManager: No specific localization for 'en-US' exists, so the 'en' localization will be used.
[2021.09.26-16.47.23:085][  0]LogInit: Setting process to per monitor DPI aware
[2021.09.26-16.47.23:097][  0]LogWindowsTextInputMethodSystem: Display: IME system deactivated.
[2021.09.26-16.47.23:110][  0]LogSlate: New Slate User Created.  User Index 0, Is Virtual User: 0
[2021.09.26-16.47.23:110][  0]LogSlate: Slate User Registered.  User Index 0, Is Virtual User: 0
[2021.09.26-16.47.23:205][  0]LogD3D11RHI: Loaded GFSDK_Aftermath_Lib.x64.dll
[2021.09.26-16.47.23:207][  0]LogHMD: Failed to initialize OpenVR with code 110
[2021.09.26-16.47.23:207][  0]LogD3D11RHI: D3D11 min allowed feature level: 11_0
[2021.09.26-16.47.23:207][  0]LogD3D11RHI: D3D11 max allowed feature level: 11_0
[2021.09.26-16.47.23:207][  0]LogD3D11RHI: D3D11 adapters:
[2021.09.26-16.47.23:298][  0]LogD3D11RHI:    0. 'NVIDIA GeForce RTX 2060 SUPER' (Feature Level 11_0)
[2021.09.26-16.47.23:298][  0]LogD3D11RHI:       8031/0/8149 MB DedicatedVideo/DedicatedSystem/SharedSystem, Outputs:2, VendorId:0x10de
[2021.09.26-16.47.23:300][  0]LogD3D11RHI:    1. 'Microsoft Basic Render Driver' (Feature Level 11_0)
[2021.09.26-16.47.23:300][  0]LogD3D11RHI:       0/0/8149 MB DedicatedVideo/DedicatedSystem/SharedSystem, Outputs:0, VendorId:0x1414
[2021.09.26-16.47.23:300][  0]LogD3D11RHI: Chosen D3D11 Adapter: 0
[2021.09.26-16.47.23:306][  0]LogD3D11RHI: Creating new Direct3DDevice
[2021.09.26-16.47.23:306][  0]LogD3D11RHI:     GPU DeviceId: 0x1f06 (for the marketing name, search the web for "GPU Device Id")
[2021.09.26-16.47.23:306][  0]LogWindows: EnumDisplayDevices:
[2021.09.26-16.47.23:307][  0]LogWindows:    0. 'NVIDIA GeForce RTX 2060 SUPER' (P:0 D:1)
[2021.09.26-16.47.23:307][  0]LogWindows:    1. 'NVIDIA GeForce RTX 2060 SUPER' (P:1 D:1)
[2021.09.26-16.47.23:307][  0]LogWindows:    2. 'NVIDIA GeForce RTX 2060 SUPER' (P:0 D:0)
[2021.09.26-16.47.23:307][  0]LogWindows:    3. 'NVIDIA GeForce RTX 2060 SUPER' (P:0 D:0)
[2021.09.26-16.47.23:307][  0]LogWindows: DebugString: FoundDriverCount:4 
[2021.09.26-16.47.23:307][  0]LogD3D11RHI:     Adapter Name: NVIDIA GeForce RTX 2060 SUPER
[2021.09.26-16.47.23:307][  0]LogD3D11RHI:   Driver Version: 472.12 (internal:30.0.14.7212, unified:472.12)
[2021.09.26-16.47.23:307][  0]LogD3D11RHI:      Driver Date: 9-13-2021
[2021.09.26-16.47.23:307][  0]LogRHI: Texture pool is 5621 MB (70% of 8031 MB)
[2021.09.26-16.47.23:376][  0]LogD3D11RHI: RHI has support for 64 bit atomics
[2021.09.26-16.47.23:376][  0]LogD3D11RHI: Async texture creation enabled
[2021.09.26-16.47.23:376][  0]LogD3D11RHI: Array index from any shader is supported
[2021.09.26-16.47.23:377][  0]LogD3D11RHI: HDR output is supported on display 0 (NvId: 0x80061087).
[2021.09.26-16.47.23:391][  0]LogD3D11RHI: GPU Timing Frequency: 1000.000000 (Debug: 2 1)
[2021.09.26-16.47.23:413][  0]LogRHI: GeForceNow SDK initialized: 1
[2021.09.26-16.47.23:618][  0]LogTargetPlatformManager: Display: Loaded TargetPlatform 'AllDesktop'
[2021.09.26-16.47.23:636][  0]LogTargetPlatformManager: Display: Loaded TargetPlatform 'Android'
[2021.09.26-16.47.23:637][  0]LogTargetPlatformManager: Display: Loaded TargetPlatform 'Android_ASTC'
[2021.09.26-16.47.23:637][  0]LogTargetPlatformManager: Display: Loaded TargetPlatform 'Android_DXT'
[2021.09.26-16.47.23:637][  0]LogTargetPlatformManager: Display: Loaded TargetPlatform 'Android_ETC2'
[2021.09.26-16.47.23:637][  0]LogTargetPlatformManager: Display: Loaded TargetPlatform 'AndroidClient'
[2021.09.26-16.47.23:637][  0]LogTargetPlatformManager: Display: Loaded TargetPlatform 'Android_ASTCClient'
[2021.09.26-16.47.23:637][  0]LogTargetPlatformManager: Display: Loaded TargetPlatform 'Android_DXTClient'
[2021.09.26-16.47.23:637][  0]LogTargetPlatformManager: Display: Loaded TargetPlatform 'Android_ETC2Client'
[2021.09.26-16.47.23:637][  0]LogTargetPlatformManager: Display: Loaded TargetPlatform 'Android_Multi'
[2021.09.26-16.47.23:637][  0]LogTargetPlatformManager: Display: Loaded TargetPlatform 'Android_MultiClient'
[2021.09.26-16.47.23:651][  0]LogTargetPlatformManager: Display: Loaded TargetPlatform 'IOSClient'
[2021.09.26-16.47.23:651][  0]LogTargetPlatformManager: Display: Loaded TargetPlatform 'IOS'
[2021.09.26-16.47.23:659][  0]LogTargetPlatformManager: Display: Loaded TargetPlatform 'Linux'
[2021.09.26-16.47.23:662][  0]LogTargetPlatformManager: Display: Loaded TargetPlatform 'LinuxNoEditor'
[2021.09.26-16.47.23:665][  0]LogTargetPlatformManager: Display: Loaded TargetPlatform 'LinuxClient'
[2021.09.26-16.47.23:668][  0]LogTargetPlatformManager: Display: Loaded TargetPlatform 'LinuxServer'
[2021.09.26-16.47.23:675][  0]LogTargetPlatformManager: Display: Loaded TargetPlatform 'LinuxAArch64NoEditor'
[2021.09.26-16.47.23:678][  0]LogTargetPlatformManager: Display: Loaded TargetPlatform 'LinuxAArch64Client'
[2021.09.26-16.47.23:681][  0]LogTargetPlatformManager: Display: Loaded TargetPlatform 'LinuxAArch64Server'
[2021.09.26-16.47.23:702][  0]LogTargetPlatformManager: Display: Loaded TargetPlatform 'Lumin'
[2021.09.26-16.47.23:702][  0]LogTargetPlatformManager: Display: Loaded TargetPlatform 'LuminClient'
[2021.09.26-16.47.23:709][  0]LogTargetPlatformManager: Display: Loaded TargetPlatform 'MacNoEditor'
[2021.09.26-16.47.23:712][  0]LogTargetPlatformManager: Display: Loaded TargetPlatform 'Mac'
[2021.09.26-16.47.23:714][  0]LogTargetPlatformManager: Display: Loaded TargetPlatform 'MacClient'
[2021.09.26-16.47.23:717][  0]LogTargetPlatformManager: Display: Loaded TargetPlatform 'MacServer'
[2021.09.26-16.47.23:726][  0]LogTargetPlatformManager: Display: Loaded TargetPlatform 'TVOSClient'
[2021.09.26-16.47.23:726][  0]LogTargetPlatformManager: Display: Loaded TargetPlatform 'TVOS'
[2021.09.26-16.47.23:734][  0]LogTargetPlatformManager: Display: Loaded TargetPlatform 'WindowsNoEditor'
[2021.09.26-16.47.23:737][  0]LogTargetPlatformManager: Display: Loaded TargetPlatform 'Windows'
[2021.09.26-16.47.23:740][  0]LogTargetPlatformManager: Display: Loaded TargetPlatform 'WindowsClient'
[2021.09.26-16.47.23:743][  0]LogTargetPlatformManager: Display: Loaded TargetPlatform 'WindowsServer'
[2021.09.26-16.47.23:743][  0]LogTargetPlatformManager: Display: Building Assets For Windows
[2021.09.26-16.47.23:748][  0]LogAudioDebug: Display: Lib vorbis DLL was dynamically loaded.
[2021.09.26-16.47.23:766][  0]LogTextureFormatOodle: Display: Oodle Texture 2.9.0 init RDO Off
[2021.09.26-16.47.23:786][  0]LogRendererCore: Ray tracing is disabled. Reason: r.RayTracing=0.
[2021.09.26-16.47.23:786][  0]LogShaderCompilers: Guid format shader working directory is 1 characters bigger than the processId version (C:/Users/YouHei/Desktop/InfiniteMatrixStarter/Intermediate/Shaders/WorkingDirectory/16368/).
[2021.09.26-16.47.23:786][  0]LogShaderCompilers: Cleaned the shader compiler working directory 'C:/Users/YouHei/AppData/Local/Temp/UnrealShaderWorkingDir/66F1B1404EDC88FF0A3E57B77BF3D6E9/'.
[2021.09.26-16.47.23:786][  0]LogXGEController: Cannot use XGE Controller as Incredibuild is not installed on this machine.
[2021.09.26-16.47.23:787][  0]LogShaderCompilers: Cannot use XGE Shader Compiler as Incredibuild is not installed on this machine.
[2021.09.26-16.47.23:787][  0]LogShaderCompilers: Display: Using Local Shader Compiler.
[2021.09.26-16.47.24:395][  0]LogDerivedDataCache: Display: Max Cache Size: 512 MB
[2021.09.26-16.47.24:437][  0]LogDerivedDataCache: Loaded boot cache 0.04s 95MB C:/Users/YouHei/AppData/Local/UnrealEngine/4.27/DerivedDataCache/Boot.ddc.
[2021.09.26-16.47.24:437][  0]LogDerivedDataCache: Display: Loaded Boot cache: C:/Users/YouHei/AppData/Local/UnrealEngine/4.27/DerivedDataCache/Boot.ddc
[2021.09.26-16.47.24:437][  0]LogDerivedDataCache: FDerivedDataBackendGraph:  Pak pak cache file C:/Users/YouHei/Desktop/InfiniteMatrixStarter/DerivedDataCache/DDC.ddp not found, will not use a pak cache.
[2021.09.26-16.47.24:437][  0]LogDerivedDataCache: Unable to find inner node Pak for hierarchical cache Hierarchy.
[2021.09.26-16.47.24:437][  0]LogDerivedDataCache: FDerivedDataBackendGraph:  CompressedPak pak cache file C:/Users/YouHei/Desktop/InfiniteMatrixStarter/DerivedDataCache/Compressed.ddp not found, will not use a pak cache.
[2021.09.26-16.47.24:437][  0]LogDerivedDataCache: Unable to find inner node CompressedPak for hierarchical cache Hierarchy.
[2021.09.26-16.47.24:452][  0]LogDerivedDataCache: Display: Pak cache opened for reading ../../../Engine/DerivedDataCache/Compressed.ddp.
[2021.09.26-16.47.24:452][  0]LogDerivedDataCache: FDerivedDataBackendGraph:  EnterprisePak pak cache file ../../../Enterprise/DerivedDataCache/Compressed.ddp not found, will not use a pak cache.
[2021.09.26-16.47.24:452][  0]LogDerivedDataCache: Unable to find inner node EnterprisePak for hierarchical cache Hierarchy.
[2021.09.26-16.47.24:460][  0]LogDerivedDataCache: Speed tests for C:/Users/YouHei/AppData/Local/UnrealEngine/Common/DerivedDataCache took 0.01 seconds
[2021.09.26-16.47.24:460][  0]LogDerivedDataCache: Display: Performance to C:/Users/YouHei/AppData/Local/UnrealEngine/Common/DerivedDataCache: Latency=0.02ms. RandomReadSpeed=475.79MBs, RandomWriteSpeed=186.79MBs. Assigned SpeedClass 'Local'
[2021.09.26-16.47.24:460][  0]LogDerivedDataCache: Using Local data cache path C:/Users/YouHei/AppData/Local/UnrealEngine/Common/DerivedDataCache: Writable
[2021.09.26-16.47.24:460][  0]LogDerivedDataCache: Shared data cache path not found in *engine.ini, will not use an Shared cache.
[2021.09.26-16.47.24:460][  0]LogDerivedDataCache: Unable to find inner node Shared for hierarchical cache Hierarchy.
[2021.09.26-16.47.24:500][  0]LogSlate: Using FreeType 2.10.0
[2021.09.26-16.47.24:500][  0]LogSlate: SlateFontServices - WITH_FREETYPE: 1, WITH_HARFBUZZ: 1
[2021.09.26-16.47.24:517][  0]LogAssetRegistry: FAssetRegistry took 0.0028 seconds to start up
[2021.09.26-16.47.24:706][  0]LogInit: Selected Device Profile: [Windows]
[2021.09.26-16.47.24:706][  0]LogInit: Active device profile: [0000018A1A7A8B00][0000018A102DFAC0 49] Windows
[2021.09.26-16.47.24:706][  0]LogInit: Profiles: [0000018A1A7A8B00][0000018A102DFAC0 49] Windows, [0000018A1A76A100][0000018A1030C0C0 49] WindowsNoEditor, [0000018A1A7A9900][0000018A10314240 49] WindowsServer, [0000018A1A76AE00][0000018A103243C0 49] WindowsClient, [0000018A1A7ABC00][0000018A10328540 49] IOS, [0000018A1A768F00][0000018A102E2680 49] iPadAir, [0000018A1A7ABE00][0000018A108A67C0 49] iPadAir2, [0000018A1A710C00][0000018A108B2A40 49] IPadPro, [0000018A1A710D00][0000018A108AAA80 49] iPadAir3, [0000018A1A76BB00][0000018A108B6C00 49] iPadAir4, [0000018A1A713600][0000018A18F66D80 49] iPadMini2, [0000018A1A76B200][0000018A18F6AF00 49] iPadMini3, [0000018A1A713800][0000018A18F6F080 49] iPadMini4, [0000018A1A76B800][0000018A18F73200 49] iPadMini5, [0000018A1A72C600][0000018A18F7B4C0 49] iPhone6, [0000018A1A72C700][0000018A18F77500 49] iPodTouch6, [0000018A1A7AA900][0000018A1B7D17C0 49] iPhone7, [0000018A1A7AA800][0000018A18F7F800 49] iPodTouch7, [0000018A1A72C100][0000018A1B7D5980 49] iPhone5S, [0000018A1A710700][0000018A0C88FB00 49] iPhone6Plus, [0000018A1A72E500][0000018A0C8CA100 49] iPhone6S, [0000018A1A711300][0000018A1A200280 49] iPhone6SPlus, [0000018A1A72FB00][0000018A1A204400 49] iPhone7Plus, [0000018A1A713500][0000018A1A208580 49] iPhoneSE, [0000018A1A7AA600][0000018A1A20C700 49] iPhone8, [0000018A1A710600][0000018A108AE840 49] iPhone8Plus, [0000018A1A7AA200][0000018A1A32E980 49] iPhoneX, [0000018A1A713300][0000018A1A33CAC0 49] iPhoneXS, [0000018A1A7AB400][0000018A1A344C40 49] iPhoneXSMax, [0000018A1A712D00][0000018A1A348DC0 49] iPhoneXR, [0000018A1A7A8200][0000018A1A34CF40 49] iPhone11, [0000018A1A711E00][0000018A1A3510C0 49] iPhone11Pro, [0000018A1A7AAA00][0000018A1A355240 49] iPhone11ProMax, [0000018A1A713700][0000018A18F173C0 49] iPhoneSE2, [0000018A1A7A8D00][0000018A18F1B540 49] iPhone12Mini, [0000018A1A711F00][0000018A18F336C0 49] iPhone12, [0000018A1A7A8700][0000018A1A3C9840 49] iPhone12Pro, [0000018A1A711400][0000018A1A3CD9C0 49] iPhone12ProMax, [0000018A1A7A8C00][0000018A18F63B40 49] iPadPro105, [0000018A1A711700][0000018A1A3D8140 49] iPadPro129, [0000018A1A7A8100][0000018A1A3DC2C0 49] iPadPro97, [0000018A1A713C00][0000018A107EA440 49] iPadPro2_129, [0000018A1A7A8800][0000018A1082E5C0 49] iPad5, [0000018A1A713100][0000018A10832740 49] iPad6, [0000018A1A7A8500][0000018A1083A8C0 49] iPad7, [0000018A1A712800][0000018A1A340A00 49] iPad8, [0000018A1A7A9500][0000018A1083EB40 49] iPadPro11, [0000018A1A711500][0000018A1A09CC80 49] iPadPro2_11, [0000018A1A7A8F00][0000018A1A0ACDC0 49] iPadPro3_129, [0000018A1A712C00][0000018A1A0B4F40 49] iPadPro4_129, [0000018A1A7AA500][0000018A1A0B90C0 49] AppleTV, [0000018A1A711100][0000018A1B7A3240 49] AppleTV4K, [0000018A1A7A8400][0000018A1B7A73C0 49] TVOS, [0000018A1A712600][0000018A1B7AB540 49] Mac, [0000018A1A7ABD00][0000018A1B7ED6C0 49] MacClient, [0000018A1A711800][0000018A1051F840 49] MacNoEditor, [0000018A1A7AB100][0000018A103119C0 49] MacServer, [0000018A1A713900][0000018A10319B40 49] Linux, [0000018A1A7A8900][0000018A10836140 49] LinuxAArch64, [0000018A1A713F00][0000018A107EE2C0 49] LinuxNoEditor, [0000018A1A7A9B00][0000018A1B7AE440 49] LinuxAArch64NoEditor, [0000018A1A713400][0000018A1B7B25C0 49] LinuxClient, [0000018A1A7A9C00][0000018A1B7B6740 49] LinuxAArch64Client, [0000018A1A711D00][0000018A1B7BA8C0 49] LinuxServer, [0000018A1A7AAF00][0000018A1B7BEA40 49] LinuxAArch64Server, [0000018A1A710500][0000018A1A0B0B80 49] Android, [0000018A1A7A9E00][0000018A1B7C2CC0 49] Android_Low, [0000018A1A713000][0000018A1B7C6E00 49] Android_Mid, [0000018A1A7AA400][0000018A1B7CAF40 49] Android_High, [0000018A1A710800][0000018A0C2410C0 49] Android_Default, [0000018A1A7AB200][0000018A0C245240 49] Android_Adreno4xx, [0000018A1A76A400][0000018A0C2493C0 49] Android_Adreno5xx_Low, [0000018A1A72DC00][0000018A0C24D540 49] Android_Adreno5xx, [0000018A1A76BD00][0000018A0C2516C0 49] Android_Adreno6xx, [0000018A1A72EB00][0000018A0C255840 49] Android_Adreno6xx_Vulkan, [0000018A1A76BE00][0000018A0C2599C0 49] Android_Mali_T6xx, [0000018A1A72CF00][0000018A0C25DB40 49] Android_Mali_T7xx, [0000018A1A769300][0000018A0C260140 49] Android_Mali_T8xx, [0000018A1A72DF00][0000018A107F22C0 49] Android_Mali_G71, [0000018A1A769C00][0000018A107F6440 49] Android_Mali_G72, [0000018A1A72E400][0000018A107FA5C0 49] Android_Mali_G72_Vulkan, [0000018A1A76B600][0000018A107FE740 49] Android_Mali_G76, [0000018A1A72E100][0000018A108028C0 49] Android_Mali_G76_Vulkan, [0000018A1A769B00][0000018A10806A40 49] Android_Mali_G77, [0000018A1A72CA00][0000018A1080ABC0 49] Android_Mali_G77_Vulkan, [0000018A1A76B400][0000018A1080ED40 49] Android_Mali_G78, [0000018A1A72D300][0000018A0C23CE80 49] Android_Mali_G78_Vulkan, [0000018A1A76A900][0000018A10812FC0 49] Android_Mali_G710, [0000018A1A72FD00][0000018A10817100 49] Android_Mali_G710_Vulkan, [0000018A1A769E00][0000018A1081F280 49] Android_Vulkan_SM5, [0000018A1A72C900][0000018A10823400 49] Android_PowerVR_G6xxx, [0000018A1A769F00][0000018A10827580 49] Android_PowerVR_GT7xxx, [0000018A1A72E700][0000018A1082B700 49] Android_PowerVR_GE8xxx, [0000018A1A76A300][0000018A104A9880 49] Android_PowerVR_GM9xxx, [0000018A1A72F200][0000018A104ADA00 49] Android_PowerVR_GM9xxx_Vulkan, [0000018A1A76B000][0000018A104B1B80 49] Android_TegraK1, [0000018A1A72D700][0000018A104B4180 49] Android_Unknown_Vulkan, [0000018A1A76B700][0000018A104B8300 49] Lumin, [0000018A1A72C200][0000018A104BC480 49] Lumin_Desktop, [0000018A1A76A200][0000018A104C0600 49] HoloLens, 
[2021.09.26-16.47.24:802][  0]LogMeshReduction: Using QuadricMeshReduction for automatic static mesh reduction
[2021.09.26-16.47.24:802][  0]LogMeshReduction: Using SimplygonMeshReduction for automatic skeletal mesh reduction
[2021.09.26-16.47.24:802][  0]LogMeshReduction: Using ProxyLODMeshReduction for automatic mesh merging
[2021.09.26-16.47.24:802][  0]LogMeshReduction: No distributed automatic mesh merging module available
[2021.09.26-16.47.24:802][  0]LogMeshMerging: No distributed automatic mesh merging module available
[2021.09.26-16.47.24:815][  0]LogNetVersion: InfiniteMatrix 1.0.0, NetCL: 17155196, EngineNetVer: 17, GameNetVer: 0 (Checksum: 1551001080)
[2021.09.26-16.47.25:115][  0]LogTexture: Default maximum texture size for cubemaps generated from long-lat sources has been changed from 512 to unlimited. In order to preserve old behaiour for '/Engine/MapTemplates/Sky/DaylightAmbientCubemap.DaylightAmbientCubemap', its maximum texture size has been explicitly set to 512.
[2021.09.26-16.47.25:154][  0]LogHMD: PokeAHoleMaterial loaded successfully
[2021.09.26-16.47.25:159][  0]LogUObjectArray: 17178 objects as part of root set at end of initial load.
[2021.09.26-16.47.25:159][  0]LogUObjectAllocator: 4301856 out of 0 bytes used by permanent object pool.
[2021.09.26-16.47.25:159][  0]LogUObjectArray: CloseDisregardForGC: 0/0 objects in disregard for GC pool
[2021.09.26-16.47.25:331][  0]LogNiagaraDebuggerClient: Niagara Debugger Client Initialized | Session: 105FAF97413FD1CC229381A6BC5AD4F3 | Instance: 912D4C7943BB14EEB85CA696BC54B910 (DESKTOP-R632AKV-16368).
[2021.09.26-16.47.25:369][  0]LogStreaming: Warning: Failed to read file '../../../Engine/Content/Editor/Slate/Niagara/MenuSeparator.png' error.
[2021.09.26-16.47.25:369][  0]LogSlate: Could not find file for Slate resource: ../../../Engine/Content/Editor/Slate/Niagara/MenuSeparator.png
[2021.09.26-16.47.25:369][  0]LogStreaming: Warning: Failed to read file '../../../Engine/Content/Editor/Slate/Niagara/Common/Selector.png' error.
[2021.09.26-16.47.25:369][  0]LogSlate: Could not find file for Slate resource: ../../../Engine/Content/Editor/Slate/Niagara/Common/Selector.png
[2021.09.26-16.47.25:369][  0]LogStreaming: Warning: Failed to read file '../../../Engine/Content/Editor/Slate/Niagara/Common/Selection.png' error.
[2021.09.26-16.47.25:369][  0]LogSlate: Could not find file for Slate resource: ../../../Engine/Content/Editor/Slate/Niagara/Common/Selection.png
[2021.09.26-16.47.25:369][  0]LogStreaming: Warning: Failed to read file '../../../Engine/Content/Editor/Slate/Niagara/Common/DropZoneIndicator_Above.png' error.
[2021.09.26-16.47.25:369][  0]LogSlate: Could not find file for Slate resource: ../../../Engine/Content/Editor/Slate/Niagara/Common/DropZoneIndicator_Above.png
[2021.09.26-16.47.25:369][  0]LogStreaming: Warning: Failed to read file '../../../Engine/Content/Editor/Slate/Niagara/Common/DropZoneIndicator_Onto.png' error.
[2021.09.26-16.47.25:369][  0]LogSlate: Could not find file for Slate resource: ../../../Engine/Content/Editor/Slate/Niagara/Common/DropZoneIndicator_Onto.png
[2021.09.26-16.47.25:369][  0]LogStreaming: Warning: Failed to read file '../../../Engine/Content/Editor/Slate/Niagara/Common/DropZoneIndicator_Below.png' error.
[2021.09.26-16.47.25:369][  0]LogSlate: Could not find file for Slate resource: ../../../Engine/Content/Editor/Slate/Niagara/Common/DropZoneIndicator_Below.png
[2021.09.26-16.47.25:369][  0]LogStreaming: Warning: Failed to read file '../../../Engine/Content/Editor/Slate/Niagara/Common/RoundedSelection_16x.png' error.
[2021.09.26-16.47.25:369][  0]LogSlate: Could not find file for Slate resource: ../../../Engine/Content/Editor/Slate/Niagara/Common/RoundedSelection_16x.png
[2021.09.26-16.47.25:369][  0]LogStreaming: Warning: Failed to read file '../../../Engine/Content/Editor/Slate/Niagara/Common/FlatButton.png' error.
[2021.09.26-16.47.25:369][  0]LogSlate: Could not find file for Slate resource: ../../../Engine/Content/Editor/Slate/Niagara/Common/FlatButton.png
[2021.09.26-16.47.25:369][  0]LogImageWrapper: Warning: PNG Warning: Duplicate iCCP chunk
[2021.09.26-16.47.25:369][  0]LogImageWrapper: Warning: PNG Warning: Duplicate iCCP chunk
[2021.09.26-16.47.25:369][  0]LogPython: Using Python 3.7.7
[2021.09.26-16.47.25:849][  0]LogTcpMessaging: Initializing TcpMessaging bridge
[2021.09.26-16.47.25:852][  0]LogUdpMessaging: Initializing bridge on interface 0.0.0.0:0 to multicast group 230.0.0.1:6666.
[2021.09.26-16.47.25:961][  0]SourceControl: Source control is disabled
[2021.09.26-16.47.25:961][  0]SourceControl: Source control is disabled
[2021.09.26-16.47.25:962][  0]SourceControl: Source control is disabled
[2021.09.26-16.47.25:966][  0]SourceControl: Source control is disabled
[2021.09.26-16.47.25:970][  0]SourceControl: Source control is disabled
[2021.09.26-16.47.26:074][  0]LogUProjectInfo: Found projects:
[2021.09.26-16.47.26:115][  0]LogOpenImageDenoise: OIDN starting up
[2021.09.26-16.47.26:133][  0]LogAndroidPermission: UAndroidPermissionCallbackProxy::GetInstance
[2021.09.26-16.47.26:147][  0]LogAudioCaptureCore: Display: No Audio Capture implementations found. Audio input will be silent.
[2021.09.26-16.47.26:147][  0]LogAudioCaptureCore: Display: No Audio Capture implementations found. Audio input will be silent.
[2021.09.26-16.47.26:248][  0]LogCollectionManager: Loaded 0 collections in 0.000616 seconds
[2021.09.26-16.47.26:266][  0]LogFileCache: Scanning file cache for directory 'C:/Users/YouHei/Desktop/InfiniteMatrixStarter/Saved/Collections/' took 0.00s
[2021.09.26-16.47.26:266][  0]LogFileCache: Scanning file cache for directory 'C:/Users/YouHei/Desktop/InfiniteMatrixStarter/Content/Developers/YouHei/Collections/' took 0.00s
[2021.09.26-16.47.26:266][  0]LogFileCache: Scanning file cache for directory 'C:/Users/YouHei/Desktop/InfiniteMatrixStarter/Content/Collections/' took 0.00s
[2021.09.26-16.47.26:266][  0]LogOcInput: OculusInput pre-init called
[2021.09.26-16.47.26:381][  0]LogStreaming: Warning: Failed to read file '../../../Engine/Content/Editor/Slate/Niagara/MenuSeparator.png' error.
[2021.09.26-16.47.26:381][  0]LogSlate: Could not find file for Slate resource: ../../../Engine/Content/Editor/Slate/Niagara/MenuSeparator.png
[2021.09.26-16.47.26:381][  0]LogStreaming: Warning: Failed to read file '../../../Engine/Content/Editor/Slate/Niagara/Common/Selector.png' error.
[2021.09.26-16.47.26:381][  0]LogSlate: Could not find file for Slate resource: ../../../Engine/Content/Editor/Slate/Niagara/Common/Selector.png
[2021.09.26-16.47.26:381][  0]LogStreaming: Warning: Failed to read file '../../../Engine/Content/Editor/Slate/Niagara/Common/Selection.png' error.
[2021.09.26-16.47.26:381][  0]LogSlate: Could not find file for Slate resource: ../../../Engine/Content/Editor/Slate/Niagara/Common/Selection.png
[2021.09.26-16.47.26:381][  0]LogStreaming: Warning: Failed to read file '../../../Engine/Content/Editor/Slate/Niagara/Common/DropZoneIndicator_Above.png' error.
[2021.09.26-16.47.26:381][  0]LogSlate: Could not find file for Slate resource: ../../../Engine/Content/Editor/Slate/Niagara/Common/DropZoneIndicator_Above.png
[2021.09.26-16.47.26:381][  0]LogStreaming: Warning: Failed to read file '../../../Engine/Content/Editor/Slate/Niagara/Common/DropZoneIndicator_Onto.png' error.
[2021.09.26-16.47.26:381][  0]LogStreaming: Warning: Failed to read file '../../../Engine/Content/Editor/Slate/Niagara/Common/DropZoneIndicator_Below.png' error.
[2021.09.26-16.47.26:381][  0]LogSlate: Could not find file for Slate resource: ../../../Engine/Content/Editor/Slate/Niagara/Common/DropZoneIndicator_Below.png
[2021.09.26-16.47.26:381][  0]LogStreaming: Warning: Failed to read file '../../../Engine/Content/Editor/Slate/Niagara/Common/RoundedSelection_16x.png' error.
[2021.09.26-16.47.26:381][  0]LogSlate: Could not find file for Slate resource: ../../../Engine/Content/Editor/Slate/Niagara/Common/RoundedSelection_16x.png
[2021.09.26-16.47.26:381][  0]LogStreaming: Warning: Failed to read file '../../../Engine/Content/Editor/Slate/Niagara/Common/FlatButton.png' error.
[2021.09.26-16.47.26:381][  0]LogSlate: Could not find file for Slate resource: ../../../Engine/Content/Editor/Slate/Niagara/Common/FlatButton.png
[2021.09.26-16.47.26:381][  0]LogSlate: Could not find file for Slate resource: ../../../Engine/Content/Editor/Slate/Niagara/Common/DropZoneIndicator_Onto.png
[2021.09.26-16.47.26:448][  0]LogImageWrapper: Warning: PNG Warning: Duplicate iCCP chunk
[2021.09.26-16.47.26:448][  0]LogImageWrapper: Warning: PNG Warning: Duplicate iCCP chunk
[2021.09.26-16.47.26:448][  0]LogEngine: Initializing Engine...
[2021.09.26-16.47.26:449][  0]LogHMD: Failed to enumerate extensions. Please check that you have a valid OpenXR runtime installed.
[2021.09.26-16.47.26:449][  0]LogHMD: Failed to initialize OpenVR with code 110
[2021.09.26-16.47.26:449][  0]LogMagicLeap: Warning: VR disabled because ZI is not enabled.  To enable, in the editor, Edit -> Project Settings -> Plugins -> Magic Leap Plugin -> Enable Zero Iteration
[2021.09.26-16.47.26:450][  0]LogStats: UGameplayTagsManager::InitializeManager -  0.000 s
[2021.09.26-16.47.26:538][  0]LogInit: Initializing FReadOnlyCVARCache
[2021.09.26-16.47.26:545][  0]LogAIModule: Creating AISystem for world Untitled
[2021.09.26-16.47.26:553][  0]LogAudio: Display: Initializing Audio Device Manager...
[2021.09.26-16.47.26:555][  0]LogAudio: Display: Loading Default Audio Settings Objects...
[2021.09.26-16.47.26:556][  0]LogAudio: Display: No default SoundConcurrencyObject specified (or failed to load).
[2021.09.26-16.47.26:556][  0]LogAudio: Display: Audio Device Manager Initialized
[2021.09.26-16.47.26:556][  0]LogAudio: Display: Creating Audio Device:                 Id: 1, Scope: Shared, Realtime: True
[2021.09.26-16.47.26:556][  0]LogAudioMixer: Display: Audio Mixer Platform Settings:
[2021.09.26-16.47.26:556][  0]LogAudioMixer: Display: 	Sample Rate:						  48000
[2021.09.26-16.47.26:556][  0]LogAudioMixer: Display: 	Callback Buffer Frame Size Requested: 1024
[2021.09.26-16.47.26:556][  0]LogAudioMixer: Display: 	Callback Buffer Frame Size To Use:	  1024
[2021.09.26-16.47.26:556][  0]LogAudioMixer: Display: 	Number of buffers to queue:			  2
[2021.09.26-16.47.26:556][  0]LogAudioMixer: Display: 	Max Channels (voices):				  32
[2021.09.26-16.47.26:556][  0]LogAudioMixer: Display: 	Number of Async Source Workers:		  0
[2021.09.26-16.47.26:556][  0]LogAudio: Display: AudioDevice MaxSources: 32
[2021.09.26-16.47.26:557][  0]LogAudio: Display: Audio Spatialization Plugin: None (built-in).
[2021.09.26-16.47.26:557][  0]LogAudio: Display: Audio Reverb Plugin: None (built-in).
[2021.09.26-16.47.26:557][  0]LogAudio: Display: Audio Occlusion Plugin: None (built-in).
[2021.09.26-16.47.26:557][  0]LogAudioMixer: Display: Initializing audio mixer.
[2021.09.26-16.47.26:814][  0]LogAudioMixer: Display: 0: FrontLeft
[2021.09.26-16.47.26:814][  0]LogAudioMixer: Display: 1: FrontRight
[2021.09.26-16.47.26:814][  0]LogAudioMixer: Display: 2: FrontCenter
[2021.09.26-16.47.26:814][  0]LogAudioMixer: Display: 3: LowFrequency
[2021.09.26-16.47.26:814][  0]LogAudioMixer: Display: 4: BackLeft
[2021.09.26-16.47.26:814][  0]LogAudioMixer: Display: 5: BackRight
[2021.09.26-16.47.26:814][  0]LogAudioMixer: Display: 6: SideLeft
[2021.09.26-16.47.26:814][  0]LogAudioMixer: Display: 7: SideRight
[2021.09.26-16.47.27:170][  0]LogAudioMixer: Display: Using Audio Device Speakers (Realtek(R) Audio)
[2021.09.26-16.47.27:173][  0]LogAudioMixer: Display: Initializing Sound Submixes...
[2021.09.26-16.47.27:174][  0]LogAudioMixer: Display: Creating Master Submix 'MasterSubmixDefault'
[2021.09.26-16.47.27:174][  0]LogAudioMixer: Display: Creating Master Submix 'MasterReverbSubmixDefault'
[2021.09.26-16.47.27:175][  0]LogAudioMixer: Display: Creating Master Submix 'MasterEQSubmixDefault'
[2021.09.26-16.47.27:175][  0]LogAudioMixer: FMixerPlatformXAudio2::StartAudioStream() called
[2021.09.26-16.47.27:175][  0]LogAudioMixer: Display: Output buffers initialized: Frames=1024, Channels=8, Samples=8192
[2021.09.26-16.47.27:176][  0]LogAudioMixer: Display: Starting AudioMixerPlatformInterface::RunInternal()
[2021.09.26-16.47.27:176][  0]LogAudioMixer: Display: FMixerPlatformXAudio2::SubmitBuffer() called for the first time
[2021.09.26-16.47.27:176][  0]LogInit: FAudioDevice initialized.
[2021.09.26-16.47.27:176][  0]LogAudio: Display: Audio Device (ID: 1) registered with world 'Untitled'.
[2021.09.26-16.47.27:176][  0]LogNetVersion: Set ProjectVersion to 1.0.0.0. Version Checksum will be recalculated on next use.
[2021.09.26-16.47.27:223][  0]LogDerivedDataCache: Saved boot cache 0.05s 95MB C:/Users/YouHei/AppData/Local/UnrealEngine/4.27/DerivedDataCache/Boot.ddc.
[2021.09.26-16.47.27:224][  0]LogInit: Texture streaming: Enabled
[2021.09.26-16.47.27:232][  0]LogAnalytics: Display: [UEEditor.Rocket.Release] APIServer = https://datarouter.ol.epicgames.com/. AppVersion = 4.27.0-17155196+++UE4+Release-4.27
[2021.09.26-16.47.27:234][  0]LogEngineSessionManager: EngineSessionManager initialized
[2021.09.26-16.47.27:235][  0]LogEditorSessionSummary: Verbose: Initializing EditorSessionSummaryWriter for editor session tracking
[2021.09.26-16.47.27:236][  0]LogEditorSessionSummary: EditorSessionSummaryWriter initialized
[2021.09.26-16.47.27:255][  0]LogInit: Transaction tracking system initialized
[2021.09.26-16.47.27:268][  0]BlueprintLog: New page: Editor Load
[2021.09.26-16.47.27:308][  0]LocalizationService: Localization service is disabled
[2021.09.26-16.47.27:323][  0]TimingProfiler: Initialize
[2021.09.26-16.47.27:323][  0]TimingProfiler: OnSessionChanged
[2021.09.26-16.47.27:323][  0]LoadingProfiler: Initialize
[2021.09.26-16.47.27:323][  0]LoadingProfiler: OnSessionChanged
[2021.09.26-16.47.27:323][  0]NetworkingProfiler: Initialize
[2021.09.26-16.47.27:323][  0]NetworkingProfiler: OnSessionChanged
[2021.09.26-16.47.27:323][  0]MemoryProfiler: Initialize
[2021.09.26-16.47.27:323][  0]MemoryProfiler: OnSessionChanged
[2021.09.26-16.47.27:422][  0]LogCook: Display: CookSettings for Memory: MemoryMaxUsedVirtual 0MiB, MemoryMaxUsedPhysical 16384MiB, MemoryMinFreeVirtual 0MiB, MemoryMinFreePhysical 1024MiB
[2021.09.26-16.47.27:422][  0]LogCook: Display: Mobile HDR setting 1
[2021.09.26-16.47.27:564][  0]LogFileCache: Scanning file cache for directory 'C:/Users/YouHei/Desktop/InfiniteMatrixStarter/Content/' took 0.00s
[2021.09.26-16.47.27:696][  0]LogStreaming: Warning: Failed to read file '../../../Engine/Content/Editor/Slate/Niagara/MenuSeparator.png' error.
[2021.09.26-16.47.27:696][  0]LogSlate: Could not find file for Slate resource: ../../../Engine/Content/Editor/Slate/Niagara/MenuSeparator.png
[2021.09.26-16.47.27:696][  0]LogStreaming: Warning: Failed to read file '../../../Engine/Content/Editor/Slate/Niagara/Common/Selector.png' error.
[2021.09.26-16.47.27:696][  0]LogSlate: Could not find file for Slate resource: ../../../Engine/Content/Editor/Slate/Niagara/Common/Selector.png
[2021.09.26-16.47.27:696][  0]LogStreaming: Warning: Failed to read file '../../../Engine/Content/Editor/Slate/Niagara/Common/Selection.png' error.
[2021.09.26-16.47.27:696][  0]LogSlate: Could not find file for Slate resource: ../../../Engine/Content/Editor/Slate/Niagara/Common/Selection.png
[2021.09.26-16.47.27:696][  0]LogStreaming: Warning: Failed to read file '../../../Engine/Content/Editor/Slate/Niagara/Common/DropZoneIndicator_Above.png' error.
[2021.09.26-16.47.27:696][  0]LogSlate: Could not find file for Slate resource: ../../../Engine/Content/Editor/Slate/Niagara/Common/DropZoneIndicator_Above.png
[2021.09.26-16.47.27:696][  0]LogStreaming: Warning: Failed to read file '../../../Engine/Content/Editor/Slate/Niagara/Common/DropZoneIndicator_Onto.png' error.
[2021.09.26-16.47.27:696][  0]LogSlate: Could not find file for Slate resource: ../../../Engine/Content/Editor/Slate/Niagara/Common/DropZoneIndicator_Onto.png
[2021.09.26-16.47.27:696][  0]LogStreaming: Warning: Failed to read file '../../../Engine/Content/Editor/Slate/Niagara/Common/DropZoneIndicator_Below.png' error.
[2021.09.26-16.47.27:696][  0]LogSlate: Could not find file for Slate resource: ../../../Engine/Content/Editor/Slate/Niagara/Common/DropZoneIndicator_Below.png
[2021.09.26-16.47.27:696][  0]LogStreaming: Warning: Failed to read file '../../../Engine/Content/Editor/Slate/Niagara/Common/RoundedSelection_16x.png' error.
[2021.09.26-16.47.27:696][  0]LogSlate: Could not find file for Slate resource: ../../../Engine/Content/Editor/Slate/Niagara/Common/RoundedSelection_16x.png
[2021.09.26-16.47.27:696][  0]LogStreaming: Warning: Failed to read file '../../../Engine/Content/Editor/Slate/Niagara/Common/FlatButton.png' error.
[2021.09.26-16.47.27:696][  0]LogSlate: Could not find file for Slate resource: ../../../Engine/Content/Editor/Slate/Niagara/Common/FlatButton.png
[2021.09.26-16.47.27:696][  0]LogImageWrapper: Warning: PNG Warning: Duplicate iCCP chunk
[2021.09.26-16.47.27:696][  0]LogImageWrapper: Warning: PNG Warning: Duplicate iCCP chunk
[2021.09.26-16.47.27:696][  0]LogInit: Display: Engine is initialized. Leaving FEngineLoop::Init()
[2021.09.26-16.47.27:698][  0]SourceControl: Source control is disabled
[2021.09.26-16.47.27:699][  0]LogUnrealEdMisc: Loading editor; pre map load, took 5.754
[2021.09.26-16.47.27:699][  0]Cmd: MAP LOAD FILE="C:/Users/YouHei/Desktop/InfiniteMatrixStarter/Content/InfiniteMatrix/Maps/TutorialMap.umap" TEMPLATE=0 SHOWPROGRESS=1 FEATURELEVEL=3
[2021.09.26-16.47.27:699][  0]LightingResults: New page: Lighting Build
[2021.09.26-16.47.27:700][  0]LogWorld: UWorld::CleanupWorld for Untitled, bSessionEnded=true, bCleanupResources=true
[2021.09.26-16.47.27:700][  0]LogSlate: InvalidateAllWidgets triggered.  All widgets were invalidated
[2021.09.26-16.47.27:700][  0]MapCheck: New page: Map Check
[2021.09.26-16.47.27:700][  0]LightingResults: New page: Lighting Build
[2021.09.26-16.47.27:703][  0]LogAudio: Display: Audio Device unregistered from world 'None'.
[2021.09.26-16.47.27:705][  0]LogUObjectHash: Compacting FUObjectHashTables data took   0.78ms
[2021.09.26-16.47.27:810][  0]LogAudio: Display: Audio Device (ID: 1) registered with world 'TutorialMap'.
[2021.09.26-16.47.27:810][  0]LogAIModule: Creating AISystem for world TutorialMap
[2021.09.26-16.47.27:813][  0]LogEditorServer: Finished looking for orphan Actors (0.000 secs)
[2021.09.26-16.47.27:819][  0]LogUObjectHash: Compacting FUObjectHashTables data took   0.82ms
[2021.09.26-16.47.27:819][  0]Cmd: MAP CHECKDEP NOCLEARLOG
[2021.09.26-16.47.27:819][  0]MapCheck: Map check complete: 0 Error(s), 0 Warning(s), took 0.139ms to complete.
[2021.09.26-16.47.27:819][  0]LogFileHelpers: Loading map 'TutorialMap' took 0.120
[2021.09.26-16.47.27:821][  0]LogUnrealEdMisc: Total Editor Startup Time, took 5.875
[2021.09.26-16.47.27:911][  0]LogSlate: Updating window title bar state: overlay mode, drag disabled, window buttons hidden, title bar hidden
[2021.09.26-16.47.27:916][  0]LogSlate: Updating window title bar state: overlay mode, drag disabled, window buttons hidden, title bar hidden
[2021.09.26-16.47.27:921][  0]LogSlate: Updating window title bar state: overlay mode, drag disabled, window buttons hidden, title bar hidden
[2021.09.26-16.47.27:926][  0]LogSlate: Updating window title bar state: overlay mode, drag disabled, window buttons hidden, title bar hidden
[2021.09.26-16.47.27:937][  0]LogNativeClassHierarchy: Verbose: Native class hierarchy populated in 0.0088 seconds. Added 3822 classes and 928 folders.
[2021.09.26-16.47.27:939][  0]LogNativeClassHierarchy: Verbose: Native class hierarchy updated for 'WidgetCarousel' in 0.0002 seconds. Added 0 classes and 0 folders.
[2021.09.26-16.47.27:940][  0]LogPakFile: PakFile PrimaryIndexSize=187
[2021.09.26-16.47.27:940][  0]LogPakFile: PakFile PathHashIndexSize=101
[2021.09.26-16.47.27:940][  0]LogPakFile: PakFile FullDirectoryIndexSize=148
[2021.09.26-16.47.27:940][  0]LogShaderLibrary: Display: ShaderCodeLibraryPakFileMountedCallback: PakFile 'D:/Program Files/Epic Games/UE_4.27/FeaturePacks/FP_FirstPerson.upack' (chunk index -1, root 'root:/') mounted
[2021.09.26-16.47.27:940][  0]LogShaderLibrary: Display: ShaderCodeLibraryPakFileMountedCallback: pending pak file info (ChunkID:-1 Root:root:/ File:D:/Program Files/Epic Games/UE_4.27/FeaturePacks/FP_FirstPerson.upack)
[2021.09.26-16.47.27:940][  0]LogPakFile: OnPakFileMounted2Time == 0.000045
[2021.09.26-16.47.27:940][  0]LogPakFile: PakFile PrimaryIndexSize=189
[2021.09.26-16.47.27:940][  0]LogPakFile: PakFile PathHashIndexSize=101
[2021.09.26-16.47.27:940][  0]LogPakFile: PakFile FullDirectoryIndexSize=152
[2021.09.26-16.47.27:940][  0]LogShaderLibrary: Display: ShaderCodeLibraryPakFileMountedCallback: PakFile 'D:/Program Files/Epic Games/UE_4.27/FeaturePacks/FP_FirstPersonBP.upack' (chunk index -1, root 'root:/') mounted
[2021.09.26-16.47.27:940][  0]LogShaderLibrary: Display: ShaderCodeLibraryPakFileMountedCallback: pending pak file info (ChunkID:-1 Root:root:/ File:D:/Program Files/Epic Games/UE_4.27/FeaturePacks/FP_FirstPersonBP.upack)
[2021.09.26-16.47.27:940][  0]LogPakFile: OnPakFileMounted2Time == 0.000030
[2021.09.26-16.47.27:941][  0]LogPakFile: PakFile PrimaryIndexSize=191
[2021.09.26-16.47.27:941][  0]LogPakFile: PakFile PathHashIndexSize=101
[2021.09.26-16.47.27:941][  0]LogPakFile: PakFile FullDirectoryIndexSize=160
[2021.09.26-16.47.27:941][  0]LogShaderLibrary: Display: ShaderCodeLibraryPakFileMountedCallback: PakFile 'D:/Program Files/Epic Games/UE_4.27/FeaturePacks/MobileStarterContent.upack' (chunk index -1, root 'root:/') mounted
[2021.09.26-16.47.27:941][  0]LogShaderLibrary: Display: ShaderCodeLibraryPakFileMountedCallback: pending pak file info (ChunkID:-1 Root:root:/ File:D:/Program Files/Epic Games/UE_4.27/FeaturePacks/MobileStarterContent.upack)
[2021.09.26-16.47.27:941][  0]LogPakFile: OnPakFileMounted2Time == 0.000027
[2021.09.26-16.47.27:941][  0]LogPakFile: PakFile PrimaryIndexSize=185
[2021.09.26-16.47.27:941][  0]LogPakFile: PakFile PathHashIndexSize=101
[2021.09.26-16.47.27:941][  0]LogPakFile: PakFile FullDirectoryIndexSize=148
[2021.09.26-16.47.27:941][  0]LogShaderLibrary: Display: ShaderCodeLibraryPakFileMountedCallback: PakFile 'D:/Program Files/Epic Games/UE_4.27/FeaturePacks/StarterContent.upack' (chunk index -1, root 'root:/') mounted
[2021.09.26-16.47.27:941][  0]LogShaderLibrary: Display: ShaderCodeLibraryPakFileMountedCallback: pending pak file info (ChunkID:-1 Root:root:/ File:D:/Program Files/Epic Games/UE_4.27/FeaturePacks/StarterContent.upack)
[2021.09.26-16.47.27:941][  0]LogPakFile: OnPakFileMounted2Time == 0.000029
[2021.09.26-16.47.27:942][  0]LogPakFile: PakFile PrimaryIndexSize=190
[2021.09.26-16.47.27:942][  0]LogPakFile: PakFile PathHashIndexSize=101
[2021.09.26-16.47.27:942][  0]LogPakFile: PakFile FullDirectoryIndexSize=154
[2021.09.26-16.47.27:942][  0]LogShaderLibrary: Display: ShaderCodeLibraryPakFileMountedCallback: PakFile 'D:/Program Files/Epic Games/UE_4.27/FeaturePacks/TP_2DSideScroller.upack' (chunk index -1, root 'root:/') mounted
[2021.09.26-16.47.27:942][  0]LogShaderLibrary: Display: ShaderCodeLibraryPakFileMountedCallback: pending pak file info (ChunkID:-1 Root:root:/ File:D:/Program Files/Epic Games/UE_4.27/FeaturePacks/TP_2DSideScroller.upack)
[2021.09.26-16.47.27:942][  0]LogPakFile: OnPakFileMounted2Time == 0.000043
[2021.09.26-16.47.27:942][  0]LogPakFile: PakFile PrimaryIndexSize=192
[2021.09.26-16.47.27:942][  0]LogPakFile: PakFile PathHashIndexSize=101
[2021.09.26-16.47.27:942][  0]LogPakFile: PakFile FullDirectoryIndexSize=158
[2021.09.26-16.47.27:942][  0]LogShaderLibrary: Display: ShaderCodeLibraryPakFileMountedCallback: PakFile 'D:/Program Files/Epic Games/UE_4.27/FeaturePacks/TP_2DSideScrollerBP.upack' (chunk index -1, root 'root:/') mounted
[2021.09.26-16.47.27:942][  0]LogShaderLibrary: Display: ShaderCodeLibraryPakFileMountedCallback: pending pak file info (ChunkID:-1 Root:root:/ File:D:/Program Files/Epic Games/UE_4.27/FeaturePacks/TP_2DSideScrollerBP.upack)
[2021.09.26-16.47.27:942][  0]LogPakFile: OnPakFileMounted2Time == 0.000027
[2021.09.26-16.47.27:942][  0]LogPakFile: PakFile PrimaryIndexSize=182
[2021.09.26-16.47.27:942][  0]LogPakFile: PakFile PathHashIndexSize=101
[2021.09.26-16.47.27:942][  0]LogPakFile: PakFile FullDirectoryIndexSize=138
[2021.09.26-16.47.27:942][  0]LogShaderLibrary: Display: ShaderCodeLibraryPakFileMountedCallback: PakFile 'D:/Program Files/Epic Games/UE_4.27/FeaturePacks/TP_Flying.upack' (chunk index -1, root 'root:/') mounted
[2021.09.26-16.47.27:942][  0]LogShaderLibrary: Display: ShaderCodeLibraryPakFileMountedCallback: pending pak file info (ChunkID:-1 Root:root:/ File:D:/Program Files/Epic Games/UE_4.27/FeaturePacks/TP_Flying.upack)
[2021.09.26-16.47.27:942][  0]LogPakFile: OnPakFileMounted2Time == 0.000027
[2021.09.26-16.47.27:943][  0]LogPakFile: PakFile PrimaryIndexSize=184
[2021.09.26-16.47.27:943][  0]LogPakFile: PakFile PathHashIndexSize=101
[2021.09.26-16.47.27:943][  0]LogPakFile: PakFile FullDirectoryIndexSize=142
[2021.09.26-16.47.27:943][  0]LogShaderLibrary: Display: ShaderCodeLibraryPakFileMountedCallback: PakFile 'D:/Program Files/Epic Games/UE_4.27/FeaturePacks/TP_FlyingBP.upack' (chunk index -1, root 'root:/') mounted
[2021.09.26-16.47.27:943][  0]LogShaderLibrary: Display: ShaderCodeLibraryPakFileMountedCallback: pending pak file info (ChunkID:-1 Root:root:/ File:D:/Program Files/Epic Games/UE_4.27/FeaturePacks/TP_FlyingBP.upack)
[2021.09.26-16.47.27:943][  0]LogPakFile: OnPakFileMounted2Time == 0.000027
[2021.09.26-16.47.27:943][  0]LogPakFile: PakFile PrimaryIndexSize=188
[2021.09.26-16.47.27:943][  0]LogPakFile: PakFile PathHashIndexSize=101
[2021.09.26-16.47.27:943][  0]LogPakFile: PakFile FullDirectoryIndexSize=150
[2021.09.26-16.47.27:943][  0]LogShaderLibrary: Display: ShaderCodeLibraryPakFileMountedCallback: PakFile 'D:/Program Files/Epic Games/UE_4.27/FeaturePacks/TP_HandheldARBP.upack' (chunk index -1, root 'root:/') mounted
[2021.09.26-16.47.27:943][  0]LogShaderLibrary: Display: ShaderCodeLibraryPakFileMountedCallback: pending pak file info (ChunkID:-1 Root:root:/ File:D:/Program Files/Epic Games/UE_4.27/FeaturePacks/TP_HandheldARBP.upack)
[2021.09.26-16.47.27:943][  0]LogPakFile: OnPakFileMounted2Time == 0.000027
[2021.09.26-16.47.27:944][  0]LogPakFile: PakFile PrimaryIndexSize=182
[2021.09.26-16.47.27:944][  0]LogPakFile: PakFile PathHashIndexSize=101
[2021.09.26-16.47.27:944][  0]LogPakFile: PakFile FullDirectoryIndexSize=138
[2021.09.26-16.47.27:944][  0]LogShaderLibrary: Display: ShaderCodeLibraryPakFileMountedCallback: PakFile 'D:/Program Files/Epic Games/UE_4.27/FeaturePacks/TP_Puzzle.upack' (chunk index -1, root 'root:/') mounted
[2021.09.26-16.47.27:944][  0]LogShaderLibrary: Display: ShaderCodeLibraryPakFileMountedCallback: pending pak file info (ChunkID:-1 Root:root:/ File:D:/Program Files/Epic Games/UE_4.27/FeaturePacks/TP_Puzzle.upack)
[2021.09.26-16.47.27:945][  0]LogPakFile: OnPakFileMounted2Time == 0.000027
[2021.09.26-16.47.27:945][  0]LogPakFile: PakFile PrimaryIndexSize=184
[2021.09.26-16.47.27:945][  0]LogPakFile: PakFile PathHashIndexSize=101
[2021.09.26-16.47.27:945][  0]LogPakFile: PakFile FullDirectoryIndexSize=142
[2021.09.26-16.47.27:945][  0]LogShaderLibrary: Display: ShaderCodeLibraryPakFileMountedCallback: PakFile 'D:/Program Files/Epic Games/UE_4.27/FeaturePacks/TP_PuzzleBP.upack' (chunk index -1, root 'root:/') mounted
[2021.09.26-16.47.27:945][  0]LogShaderLibrary: Display: ShaderCodeLibraryPakFileMountedCallback: pending pak file info (ChunkID:-1 Root:root:/ File:D:/Program Files/Epic Games/UE_4.27/FeaturePacks/TP_PuzzleBP.upack)
[2021.09.26-16.47.27:945][  0]LogPakFile: OnPakFileMounted2Time == 0.000027
[2021.09.26-16.47.27:945][  0]LogPakFile: PakFile PrimaryIndexSize=183
[2021.09.26-16.47.27:945][  0]LogPakFile: PakFile PathHashIndexSize=101
[2021.09.26-16.47.27:945][  0]LogPakFile: PakFile FullDirectoryIndexSize=140
[2021.09.26-16.47.27:945][  0]LogShaderLibrary: Display: ShaderCodeLibraryPakFileMountedCallback: PakFile 'D:/Program Files/Epic Games/UE_4.27/FeaturePacks/TP_Rolling.upack' (chunk index -1, root 'root:/') mounted
[2021.09.26-16.47.27:945][  0]LogShaderLibrary: Display: ShaderCodeLibraryPakFileMountedCallback: pending pak file info (ChunkID:-1 Root:root:/ File:D:/Program Files/Epic Games/UE_4.27/FeaturePacks/TP_Rolling.upack)
[2021.09.26-16.47.27:945][  0]LogPakFile: OnPakFileMounted2Time == 0.000027
[2021.09.26-16.47.27:946][  0]LogPakFile: PakFile PrimaryIndexSize=185
[2021.09.26-16.47.27:946][  0]LogPakFile: PakFile PathHashIndexSize=101
[2021.09.26-16.47.27:946][  0]LogPakFile: PakFile FullDirectoryIndexSize=144
[2021.09.26-16.47.27:946][  0]LogShaderLibrary: Display: ShaderCodeLibraryPakFileMountedCallback: PakFile 'D:/Program Files/Epic Games/UE_4.27/FeaturePacks/TP_RollingBP.upack' (chunk index -1, root 'root:/') mounted
[2021.09.26-16.47.27:946][  0]LogShaderLibrary: Display: ShaderCodeLibraryPakFileMountedCallback: pending pak file info (ChunkID:-1 Root:root:/ File:D:/Program Files/Epic Games/UE_4.27/FeaturePacks/TP_RollingBP.upack)
[2021.09.26-16.47.27:946][  0]LogPakFile: OnPakFileMounted2Time == 0.000026
[2021.09.26-16.47.27:946][  0]LogPakFile: PakFile PrimaryIndexSize=188
[2021.09.26-16.47.27:946][  0]LogPakFile: PakFile PathHashIndexSize=101
[2021.09.26-16.47.27:946][  0]LogPakFile: PakFile FullDirectoryIndexSize=150
[2021.09.26-16.47.27:946][  0]LogShaderLibrary: Display: ShaderCodeLibraryPakFileMountedCallback: PakFile 'D:/Program Files/Epic Games/UE_4.27/FeaturePacks/TP_SideScroller.upack' (chunk index -1, root 'root:/') mounted
[2021.09.26-16.47.27:946][  0]LogShaderLibrary: Display: ShaderCodeLibraryPakFileMountedCallback: pending pak file info (ChunkID:-1 Root:root:/ File:D:/Program Files/Epic Games/UE_4.27/FeaturePacks/TP_SideScroller.upack)
[2021.09.26-16.47.27:946][  0]LogPakFile: OnPakFileMounted2Time == 0.000026
[2021.09.26-16.47.27:946][  0]LogPakFile: PakFile PrimaryIndexSize=190
[2021.09.26-16.47.27:946][  0]LogPakFile: PakFile PathHashIndexSize=101
[2021.09.26-16.47.27:946][  0]LogPakFile: PakFile FullDirectoryIndexSize=154
[2021.09.26-16.47.27:946][  0]LogShaderLibrary: Display: ShaderCodeLibraryPakFileMountedCallback: PakFile 'D:/Program Files/Epic Games/UE_4.27/FeaturePacks/TP_SideScrollerBP.upack' (chunk index -1, root 'root:/') mounted
[2021.09.26-16.47.27:946][  0]LogShaderLibrary: Display: ShaderCodeLibraryPakFileMountedCallback: pending pak file info (ChunkID:-1 Root:root:/ File:D:/Program Files/Epic Games/UE_4.27/FeaturePacks/TP_SideScrollerBP.upack)
[2021.09.26-16.47.27:946][  0]LogPakFile: OnPakFileMounted2Time == 0.000027
[2021.09.26-16.47.27:947][  0]LogPakFile: PakFile PrimaryIndexSize=187
[2021.09.26-16.47.27:947][  0]LogPakFile: PakFile PathHashIndexSize=101
[2021.09.26-16.47.27:947][  0]LogPakFile: PakFile FullDirectoryIndexSize=148
[2021.09.26-16.47.27:947][  0]LogShaderLibrary: Display: ShaderCodeLibraryPakFileMountedCallback: PakFile 'D:/Program Files/Epic Games/UE_4.27/FeaturePacks/TP_ThirdPerson.upack' (chunk index -1, root 'root:/') mounted
[2021.09.26-16.47.27:947][  0]LogShaderLibrary: Display: ShaderCodeLibraryPakFileMountedCallback: pending pak file info (ChunkID:-1 Root:root:/ File:D:/Program Files/Epic Games/UE_4.27/FeaturePacks/TP_ThirdPerson.upack)
[2021.09.26-16.47.27:947][  0]LogPakFile: OnPakFileMounted2Time == 0.000026
[2021.09.26-16.47.27:947][  0]LogPakFile: PakFile PrimaryIndexSize=189
[2021.09.26-16.47.27:947][  0]LogPakFile: PakFile PathHashIndexSize=101
[2021.09.26-16.47.27:947][  0]LogPakFile: PakFile FullDirectoryIndexSize=152
[2021.09.26-16.47.27:947][  0]LogShaderLibrary: Display: ShaderCodeLibraryPakFileMountedCallback: PakFile 'D:/Program Files/Epic Games/UE_4.27/FeaturePacks/TP_ThirdPersonBP.upack' (chunk index -1, root 'root:/') mounted
[2021.09.26-16.47.27:947][  0]LogShaderLibrary: Display: ShaderCodeLibraryPakFileMountedCallback: pending pak file info (ChunkID:-1 Root:root:/ File:D:/Program Files/Epic Games/UE_4.27/FeaturePacks/TP_ThirdPersonBP.upack)
[2021.09.26-16.47.27:947][  0]LogPakFile: OnPakFileMounted2Time == 0.000026
[2021.09.26-16.47.27:948][  0]LogPakFile: PakFile PrimaryIndexSize=183
[2021.09.26-16.47.27:948][  0]LogPakFile: PakFile PathHashIndexSize=101
[2021.09.26-16.47.27:948][  0]LogPakFile: PakFile FullDirectoryIndexSize=140
[2021.09.26-16.47.27:948][  0]LogShaderLibrary: Display: ShaderCodeLibraryPakFileMountedCallback: PakFile 'D:/Program Files/Epic Games/UE_4.27/FeaturePacks/TP_TopDown.upack' (chunk index -1, root 'root:/') mounted
[2021.09.26-16.47.27:948][  0]LogShaderLibrary: Display: ShaderCodeLibraryPakFileMountedCallback: pending pak file info (ChunkID:-1 Root:root:/ File:D:/Program Files/Epic Games/UE_4.27/FeaturePacks/TP_TopDown.upack)
[2021.09.26-16.47.27:948][  0]LogPakFile: OnPakFileMounted2Time == 0.000032
[2021.09.26-16.47.27:948][  0]LogPakFile: PakFile PrimaryIndexSize=185
[2021.09.26-16.47.27:948][  0]LogPakFile: PakFile PathHashIndexSize=101
[2021.09.26-16.47.27:948][  0]LogPakFile: PakFile FullDirectoryIndexSize=144
[2021.09.26-16.47.27:948][  0]LogShaderLibrary: Display: ShaderCodeLibraryPakFileMountedCallback: PakFile 'D:/Program Files/Epic Games/UE_4.27/FeaturePacks/TP_TopDownBP.upack' (chunk index -1, root 'root:/') mounted
[2021.09.26-16.47.27:948][  0]LogShaderLibrary: Display: ShaderCodeLibraryPakFileMountedCallback: pending pak file info (ChunkID:-1 Root:root:/ File:D:/Program Files/Epic Games/UE_4.27/FeaturePacks/TP_TopDownBP.upack)
[2021.09.26-16.47.27:948][  0]LogPakFile: OnPakFileMounted2Time == 0.000027
[2021.09.26-16.47.27:948][  0]LogPakFile: PakFile PrimaryIndexSize=185
[2021.09.26-16.47.27:948][  0]LogPakFile: PakFile PathHashIndexSize=101
[2021.09.26-16.47.27:948][  0]LogPakFile: PakFile FullDirectoryIndexSize=144
[2021.09.26-16.47.27:948][  0]LogShaderLibrary: Display: ShaderCodeLibraryPakFileMountedCallback: PakFile 'D:/Program Files/Epic Games/UE_4.27/FeaturePacks/TP_TwinStick.upack' (chunk index -1, root 'root:/') mounted
[2021.09.26-16.47.27:948][  0]LogShaderLibrary: Display: ShaderCodeLibraryPakFileMountedCallback: pending pak file info (ChunkID:-1 Root:root:/ File:D:/Program Files/Epic Games/UE_4.27/FeaturePacks/TP_TwinStick.upack)
[2021.09.26-16.47.27:948][  0]LogPakFile: OnPakFileMounted2Time == 0.000026
[2021.09.26-16.47.27:949][  0]LogPakFile: PakFile PrimaryIndexSize=187
[2021.09.26-16.47.27:949][  0]LogPakFile: PakFile PathHashIndexSize=101
[2021.09.26-16.47.27:949][  0]LogPakFile: PakFile FullDirectoryIndexSize=148
[2021.09.26-16.47.27:949][  0]LogShaderLibrary: Display: ShaderCodeLibraryPakFileMountedCallback: PakFile 'D:/Program Files/Epic Games/UE_4.27/FeaturePacks/TP_TwinStickBP.upack' (chunk index -1, root 'root:/') mounted
[2021.09.26-16.47.27:949][  0]LogShaderLibrary: Display: ShaderCodeLibraryPakFileMountedCallback: pending pak file info (ChunkID:-1 Root:root:/ File:D:/Program Files/Epic Games/UE_4.27/FeaturePacks/TP_TwinStickBP.upack)
[2021.09.26-16.47.27:949][  0]LogPakFile: OnPakFileMounted2Time == 0.000026
[2021.09.26-16.47.27:949][  0]LogPakFile: PakFile PrimaryIndexSize=183
[2021.09.26-16.47.27:949][  0]LogPakFile: PakFile PathHashIndexSize=101
[2021.09.26-16.47.27:949][  0]LogPakFile: PakFile FullDirectoryIndexSize=140
[2021.09.26-16.47.27:949][  0]LogShaderLibrary: Display: ShaderCodeLibraryPakFileMountedCallback: PakFile 'D:/Program Files/Epic Games/UE_4.27/FeaturePacks/TP_Vehicle.upack' (chunk index -1, root 'root:/') mounted
[2021.09.26-16.47.27:949][  0]LogShaderLibrary: Display: ShaderCodeLibraryPakFileMountedCallback: pending pak file info (ChunkID:-1 Root:root:/ File:D:/Program Files/Epic Games/UE_4.27/FeaturePacks/TP_Vehicle.upack)
[2021.09.26-16.47.27:949][  0]LogPakFile: OnPakFileMounted2Time == 0.000026
[2021.09.26-16.47.27:949][  0]LogPakFile: PakFile PrimaryIndexSize=186
[2021.09.26-16.47.27:949][  0]LogPakFile: PakFile PathHashIndexSize=101
[2021.09.26-16.47.27:949][  0]LogPakFile: PakFile FullDirectoryIndexSize=146
[2021.09.26-16.47.27:949][  0]LogShaderLibrary: Display: ShaderCodeLibraryPakFileMountedCallback: PakFile 'D:/Program Files/Epic Games/UE_4.27/FeaturePacks/TP_VehicleAdv.upack' (chunk index -1, root 'root:/') mounted
[2021.09.26-16.47.27:949][  0]LogShaderLibrary: Display: ShaderCodeLibraryPakFileMountedCallback: pending pak file info (ChunkID:-1 Root:root:/ File:D:/Program Files/Epic Games/UE_4.27/FeaturePacks/TP_VehicleAdv.upack)
[2021.09.26-16.47.27:949][  0]LogPakFile: OnPakFileMounted2Time == 0.000030
[2021.09.26-16.47.27:950][  0]LogPakFile: PakFile PrimaryIndexSize=188
[2021.09.26-16.47.27:950][  0]LogPakFile: PakFile PathHashIndexSize=101
[2021.09.26-16.47.27:950][  0]LogPakFile: PakFile FullDirectoryIndexSize=150
[2021.09.26-16.47.27:950][  0]LogShaderLibrary: Display: ShaderCodeLibraryPakFileMountedCallback: PakFile 'D:/Program Files/Epic Games/UE_4.27/FeaturePacks/TP_VehicleAdvBP.upack' (chunk index -1, root 'root:/') mounted
[2021.09.26-16.47.27:950][  0]LogShaderLibrary: Display: ShaderCodeLibraryPakFileMountedCallback: pending pak file info (ChunkID:-1 Root:root:/ File:D:/Program Files/Epic Games/UE_4.27/FeaturePacks/TP_VehicleAdvBP.upack)
[2021.09.26-16.47.27:950][  0]LogPakFile: OnPakFileMounted2Time == 0.000029
[2021.09.26-16.47.27:950][  0]LogPakFile: PakFile PrimaryIndexSize=185
[2021.09.26-16.47.27:950][  0]LogPakFile: PakFile PathHashIndexSize=101
[2021.09.26-16.47.27:950][  0]LogPakFile: PakFile FullDirectoryIndexSize=144
[2021.09.26-16.47.27:950][  0]LogShaderLibrary: Display: ShaderCodeLibraryPakFileMountedCallback: PakFile 'D:/Program Files/Epic Games/UE_4.27/FeaturePacks/TP_VehicleBP.upack' (chunk index -1, root 'root:/') mounted
[2021.09.26-16.47.27:950][  0]LogShaderLibrary: Display: ShaderCodeLibraryPakFileMountedCallback: pending pak file info (ChunkID:-1 Root:root:/ File:D:/Program Files/Epic Games/UE_4.27/FeaturePacks/TP_VehicleBP.upack)
[2021.09.26-16.47.27:950][  0]LogPakFile: OnPakFileMounted2Time == 0.000026
[2021.09.26-16.47.27:951][  0]LogPakFile: PakFile PrimaryIndexSize=192
[2021.09.26-16.47.27:951][  0]LogPakFile: PakFile PathHashIndexSize=101
[2021.09.26-16.47.27:951][  0]LogPakFile: PakFile FullDirectoryIndexSize=158
[2021.09.26-16.47.27:951][  0]LogShaderLibrary: Display: ShaderCodeLibraryPakFileMountedCallback: PakFile 'D:/Program Files/Epic Games/UE_4.27/FeaturePacks/TP_VirtualRealityBP.upack' (chunk index -1, root 'root:/') mounted
[2021.09.26-16.47.27:951][  0]LogShaderLibrary: Display: ShaderCodeLibraryPakFileMountedCallback: pending pak file info (ChunkID:-1 Root:root:/ File:D:/Program Files/Epic Games/UE_4.27/FeaturePacks/TP_VirtualRealityBP.upack)
[2021.09.26-16.47.27:951][  0]LogPakFile: OnPakFileMounted2Time == 0.000027
[2021.09.26-16.47.27:976][  0]LogNativeClassHierarchy: Verbose: Native class hierarchy updated for 'AddContentDialog' in 0.0003 seconds. Added 0 classes and 0 folders.
[2021.09.26-16.47.27:977][  0]LogNativeClassHierarchy: Verbose: Native class hierarchy updated for 'SceneOutliner' in 0.0002 seconds. Added 2 classes and 0 folders.
[2021.09.26-16.47.27:999][  0]LogSlate: Took 0.000314 seconds to synchronously load lazily loaded font '../../../Engine/Content/Slate/Fonts/Roboto-Regular.ttf' (155K)
[2021.09.26-16.47.28:000][  0]LogSlate: Took 0.000066 seconds to synchronously load lazily loaded font '../../../Engine/Content/Editor/Slate/Fonts/FontAwesome.ttf' (139K)
[2021.09.26-16.47.28:000][  0]LogSlate: Took 0.000068 seconds to synchronously load lazily loaded font '../../../Engine/Content/Slate/Fonts/Roboto-Bold.ttf' (160K)
[2021.09.26-16.47.28:073][  0]LogRenderer: Reallocating scene render targets to support 720x1212 Format 10 NumSamples 1 (Frame:1).
[2021.09.26-16.47.28:130][  0]LogNativeClassHierarchy: Verbose: Native class hierarchy updated for 'HierarchicalLODOutliner' in 0.0002 seconds. Added 0 classes and 0 folders.
[2021.09.26-16.47.28:130][  0]LogLoad: (Engine Initialization) Total time: 6.18 seconds
[2021.09.26-16.47.28:130][  0]LogLoad: (Engine Initialization) Total Blueprint compile time: 0.00 seconds
[2021.09.26-16.47.28:166][  0]LogAssetRegistry: Asset discovery search completed in 3.6499 seconds
[2021.09.26-16.47.28:170][  0]LogCollectionManager: Fixed up redirectors for 0 collections in 0.000002 seconds (updated 0 objects)
[2021.09.26-16.47.28:172][  0]LogContentStreaming: Texture pool size now 1000 MB
[2021.09.26-16.47.40:218][363]LogSlate: Only BGRA pngs, bmps or icos are supported in by External Image Picker
[2021.09.26-16.48.32:086][543]LogSlate: Window 'Project Settings' being destroyed
[2021.09.26-16.48.32:089][543]LogSlate: Window 'Project Settings' being destroyed
